2025-08-21 00:14:53.823 +02:00 [INF] Hangfire.Storage.SQLite.ExpirationManager Removing outdated records from the 'AggregatedCounter' table...
2025-08-21 00:14:53.833 +02:00 [INF] Hangfire.Storage.SQLite.ExpirationManager Outdated records removed from the 'AggregatedCounter' table...
2025-08-21 00:14:53.833 +02:00 [INF] Hangfire.Storage.SQLite.ExpirationManager Removing outdated records from the 'Counter' table...
2025-08-21 00:14:53.834 +02:00 [INF] Hangfire.Storage.SQLite.ExpirationManager Outdated records removed from the 'Counter' table...
2025-08-21 00:14:53.834 +02:00 [INF] Hangfire.Storage.SQLite.ExpirationManager Removing outdated records from the 'Job' table...
2025-08-21 00:14:53.835 +02:00 [INF] Hangfire.Storage.SQLite.ExpirationManager Outdated records removed from the 'Job' table...
2025-08-21 00:14:53.835 +02:00 [INF] Hangfire.Storage.SQLite.ExpirationManager Removing outdated records from the 'List' table...
2025-08-21 00:14:53.836 +02:00 [INF] Hangfire.Storage.SQLite.ExpirationManager Outdated records removed from the 'List' table...
2025-08-21 00:14:53.836 +02:00 [INF] Hangfire.Storage.SQLite.ExpirationManager Removing outdated records from the 'Set' table...
2025-08-21 00:14:53.837 +02:00 [INF] Hangfire.Storage.SQLite.ExpirationManager Outdated records removed from the 'Set' table...
2025-08-21 00:14:53.837 +02:00 [INF] Hangfire.Storage.SQLite.ExpirationManager Removing outdated records from the 'Hash' table...
2025-08-21 00:14:53.838 +02:00 [INF] Hangfire.Storage.SQLite.ExpirationManager Outdated records removed from the 'Hash' table...
2025-08-21 00:14:53.838 +02:00 [INF] Hangfire.Storage.SQLite.ExpirationManager Removing outdated records from the 'State' table...
2025-08-21 00:14:53.839 +02:00 [INF] Hangfire.Storage.SQLite.ExpirationManager Outdated records removed from the 'State' table...
2025-08-21 00:14:53.839 +02:00 [INF] Hangfire.Storage.SQLite.ExpirationManager Removing outdated records from the 'JobParameter' table...
2025-08-21 00:14:53.840 +02:00 [INF] Hangfire.Storage.SQLite.ExpirationManager Outdated records removed from the 'JobParameter' table...
2025-08-21 14:32:53.912 +02:00 [WRN] Microsoft.EntityFrameworkCore.Query Compiling a query which loads related collections for more than one collection navigation, either via 'Include' or through projection, but no 'QuerySplittingBehavior' has been configured. By default, Entity Framework will use 'QuerySplittingBehavior.SingleQuery', which can potentially result in slow query performance. See https://go.microsoft.com/fwlink/?linkid=2134277 for more information. To identify the query that's triggering this warning call 'ConfigureWarnings(w => w.Throw(RelationalEventId.MultipleCollectionIncludeWarning))'.
2025-08-21 14:32:56.373 +02:00 [WRN] Microsoft.EntityFrameworkCore.Query Compiling a query which loads related collections for more than one collection navigation, either via 'Include' or through projection, but no 'QuerySplittingBehavior' has been configured. By default, Entity Framework will use 'QuerySplittingBehavior.SingleQuery', which can potentially result in slow query performance. See https://go.microsoft.com/fwlink/?linkid=2134277 for more information. To identify the query that's triggering this warning call 'ConfigureWarnings(w => w.Throw(RelationalEventId.MultipleCollectionIncludeWarning))'.
2025-08-21 15:16:34.574 +02:00 [INF] Hangfire.Storage.SQLite.ExpirationManager Removing outdated records from the 'AggregatedCounter' table...
2025-08-21 15:16:34.595 +02:00 [INF] Hangfire.Storage.SQLite.ExpirationManager Outdated records removed from the 'AggregatedCounter' table...
2025-08-21 15:16:34.596 +02:00 [INF] Hangfire.Storage.SQLite.ExpirationManager Removing outdated records from the 'Counter' table...
2025-08-21 15:16:34.597 +02:00 [INF] Hangfire.Storage.SQLite.ExpirationManager Outdated records removed from the 'Counter' table...
2025-08-21 15:16:34.599 +02:00 [INF] Hangfire.Storage.SQLite.ExpirationManager Removing outdated records from the 'Job' table...
2025-08-21 15:16:34.604 +02:00 [INF] Hangfire.Storage.SQLite.ExpirationManager Outdated records removed from the 'Job' table...
2025-08-21 15:16:34.605 +02:00 [INF] Hangfire.Storage.SQLite.ExpirationManager Removing outdated records from the 'List' table...
2025-08-21 15:16:34.606 +02:00 [INF] Hangfire.Storage.SQLite.ExpirationManager Outdated records removed from the 'List' table...
2025-08-21 15:16:34.608 +02:00 [INF] Hangfire.Storage.SQLite.ExpirationManager Removing outdated records from the 'Set' table...
2025-08-21 15:16:34.609 +02:00 [INF] Hangfire.Storage.SQLite.ExpirationManager Outdated records removed from the 'Set' table...
2025-08-21 15:16:34.614 +02:00 [INF] Hangfire.Storage.SQLite.ExpirationManager Removing outdated records from the 'Hash' table...
2025-08-21 15:16:34.617 +02:00 [INF] Hangfire.Storage.SQLite.ExpirationManager Outdated records removed from the 'Hash' table...
2025-08-21 15:16:34.617 +02:00 [INF] Hangfire.Storage.SQLite.ExpirationManager Removing outdated records from the 'State' table...
2025-08-21 15:16:34.619 +02:00 [INF] Hangfire.Storage.SQLite.ExpirationManager Outdated records removed from the 'State' table...
2025-08-21 15:16:34.619 +02:00 [INF] Hangfire.Storage.SQLite.ExpirationManager Removing outdated records from the 'JobParameter' table...
2025-08-21 15:16:34.623 +02:00 [INF] Hangfire.Storage.SQLite.ExpirationManager Outdated records removed from the 'JobParameter' table...
