2025-08-11 18:20:05.807 +02:00 [INF] Hangfire.BackgroundJobServer Starting Hangfire Server using job storage: 'Database path: hangfire_taskqueue,  prefix: hangfire'
2025-08-11 18:20:05.943 +02:00 [INF] Hangfire.BackgroundJobServer Using the following options for Hangfire Server:
    Worker count: 20
    Listening queues: 'default'
    Shutdown timeout: 00:00:15
    Schedule polling interval: 00:00:15
2025-08-11 18:20:06.167 +02:00 [INF] Hangfire.Server.BackgroundServerProcess Server mbp-von-erlend:5721:82e8f6cb successfully announced in 180,8084 ms
2025-08-11 18:20:06.171 +02:00 [INF] Hangfire.Server.BackgroundServerProcess Server mbp-von-erlend:5721:82e8f6cb is starting the registered dispatchers: ServerWatchdog, ServerJobCancellationWatcher, ExpirationManager, CountersAggregator, Worker, DelayedJobScheduler, RecurringJobScheduler...
2025-08-11 18:20:06.184 +02:00 [INF] Hangfire.Storage.SQLite.ExpirationManager Removing outdated records from the 'AggregatedCounter' table...
2025-08-11 18:20:06.189 +02:00 [INF] Hangfire.Server.ServerWatchdog 1 servers were removed due to timeout
2025-08-11 18:20:06.200 +02:00 [INF] Hangfire.Server.BackgroundServerProcess Server mbp-von-erlend:5721:82e8f6cb all the dispatchers started
2025-08-11 18:20:06.203 +02:00 [INF] Hangfire.Storage.SQLite.ExpirationManager Outdated records removed from the 'AggregatedCounter' table...
2025-08-11 18:20:06.203 +02:00 [INF] Hangfire.Storage.SQLite.ExpirationManager Removing outdated records from the 'Counter' table...
2025-08-11 18:20:06.206 +02:00 [INF] Hangfire.Storage.SQLite.ExpirationManager Outdated records removed from the 'Counter' table...
2025-08-11 18:20:06.206 +02:00 [INF] Hangfire.Storage.SQLite.ExpirationManager Removing outdated records from the 'Job' table...
2025-08-11 18:20:06.228 +02:00 [INF] Hangfire.Storage.SQLite.ExpirationManager Outdated records removed from the 'Job' table...
2025-08-11 18:20:06.228 +02:00 [INF] Hangfire.Storage.SQLite.ExpirationManager Removing outdated records from the 'List' table...
2025-08-11 18:20:06.230 +02:00 [INF] Hangfire.Storage.SQLite.ExpirationManager Outdated records removed from the 'List' table...
2025-08-11 18:20:06.230 +02:00 [INF] Hangfire.Storage.SQLite.ExpirationManager Removing outdated records from the 'Set' table...
2025-08-11 18:20:06.234 +02:00 [INF] Hangfire.Storage.SQLite.ExpirationManager Outdated records removed from the 'Set' table...
2025-08-11 18:20:06.234 +02:00 [INF] Hangfire.Storage.SQLite.ExpirationManager Removing outdated records from the 'Hash' table...
2025-08-11 18:20:06.235 +02:00 [INF] Hangfire.Storage.SQLite.ExpirationManager Outdated records removed from the 'Hash' table...
2025-08-11 18:20:06.235 +02:00 [INF] Hangfire.Storage.SQLite.ExpirationManager Removing outdated records from the 'State' table...
2025-08-11 18:20:06.324 +02:00 [INF] Hangfire.Storage.SQLite.ExpirationManager Outdated records removed from the 'State' table...
2025-08-11 18:20:06.324 +02:00 [INF] Hangfire.Storage.SQLite.ExpirationManager Removing outdated records from the 'JobParameter' table...
2025-08-11 18:20:06.410 +02:00 [INF] Hangfire.Storage.SQLite.ExpirationManager Outdated records removed from the 'JobParameter' table...
2025-08-11 18:20:14.495 +02:00 [INF] Hangfire.Server.BackgroundServerProcess Server mbp-von-erlend:5721:82e8f6cb caught stopping signal...
2025-08-11 18:20:14.501 +02:00 [INF] Hangfire.Server.BackgroundServerProcess Server mbp-von-erlend:5721:82e8f6cb All dispatchers stopped
2025-08-11 18:20:14.510 +02:00 [INF] Hangfire.Server.BackgroundServerProcess Server mbp-von-erlend:5721:82e8f6cb successfully reported itself as stopped in 6,361 ms
2025-08-11 18:20:14.511 +02:00 [INF] Hangfire.Server.BackgroundServerProcess Server mbp-von-erlend:5721:82e8f6cb has been stopped in total 14,3579 ms
