2025-08-25 15:16:36.461 +02:00 [INF] Hangfire.SqlServer.SqlServerObjectsInstaller Start installing Hangfire SQL objects...
2025-08-25 15:17:40.834 +02:00 [INF] Hangfire.SqlServer.SqlServerObjectsInstaller Start installing Hangfire SQL objects...
2025-08-25 15:18:00.595 +02:00 [INF] Hangfire.SqlServer.SqlServerObjectsInstaller Start installing Hangfire SQL objects...
2025-08-25 15:18:55.680 +02:00 [INF] Hangfire.SqlServer.SqlServerObjectsInstaller Start installing Hangfire SQL objects...
2025-08-25 15:20:38.030 +02:00 [INF] Hangfire.SqlServer.SqlServerObjectsInstaller Start installing Hangfire SQL objects...
2025-08-25 15:20:41.191 +02:00 [INF] Hangfire.SqlServer.SqlServerObjectsInstaller Hangfire SQL objects installed.
2025-08-25 15:20:43.332 +02:00 [INF] Hangfire.BackgroundJobServer Starting Hangfire Server using job storage: 'SQL Server: tcp:calcalc-database-dev-001.database.windows.net,1433@sqlserver-calcalc-dev-001'
2025-08-25 15:20:43.333 +02:00 [INF] Hangfire.BackgroundJobServer Using the following options for SQL Server job storage: Queue poll interval: 00:00:00.
2025-08-25 15:20:43.333 +02:00 [INF] Hangfire.BackgroundJobServer Using the following options for Hangfire Server:
    Worker count: 20
    Listening queues: 'default'
    Shutdown timeout: 00:00:15
    Schedule polling interval: 00:00:15
2025-08-25 15:20:43.787 +02:00 [INF] Hangfire.Server.BackgroundServerProcess Server mbp-von-erlend:4942:46d3f933 successfully announced in 429,2398 ms
2025-08-25 15:20:43.791 +02:00 [INF] Hangfire.Server.BackgroundServerProcess Server mbp-von-erlend:4942:46d3f933 is starting the registered dispatchers: ServerWatchdog, ServerJobCancellationWatcher, SqlServerHeartbeatProcess, ExpirationManager, CountersAggregator, Worker, DelayedJobScheduler, RecurringJobScheduler...
2025-08-25 15:20:43.799 +02:00 [INF] Hangfire.Server.BackgroundServerProcess Server mbp-von-erlend:4942:46d3f933 all the dispatchers started
2025-08-25 15:20:51.069 +02:00 [WRN] Microsoft.AspNetCore.HttpsPolicy.HttpsRedirectionMiddleware Failed to determine the https port for redirect.
2025-08-25 15:20:56.266 +02:00 [WRN] Microsoft.EntityFrameworkCore.Query Compiling a query which loads related collections for more than one collection navigation, either via 'Include' or through projection, but no 'QuerySplittingBehavior' has been configured. By default, Entity Framework will use 'QuerySplittingBehavior.SingleQuery', which can potentially result in slow query performance. See https://go.microsoft.com/fwlink/?linkid=2134277 for more information. To identify the query that's triggering this warning call 'ConfigureWarnings(w => w.Throw(RelationalEventId.MultipleCollectionIncludeWarning))'.
2025-08-25 15:22:27.901 +02:00 [INF] Hangfire.Server.BackgroundServerProcess Server mbp-von-erlend:4942:46d3f933 caught stopping signal...
2025-08-25 15:22:28.439 +02:00 [INF] Hangfire.Server.BackgroundServerProcess Server mbp-von-erlend:4942:46d3f933 caught stopped signal...
2025-08-25 15:22:28.873 +02:00 [INF] Hangfire.Server.BackgroundServerProcess Server mbp-von-erlend:4942:46d3f933 All dispatchers stopped
2025-08-25 15:22:29.168 +02:00 [INF] Hangfire.Server.BackgroundServerProcess Server mbp-von-erlend:4942:46d3f933 successfully reported itself as stopped in 291,7286 ms
2025-08-25 15:22:29.168 +02:00 [INF] Hangfire.Server.BackgroundServerProcess Server mbp-von-erlend:4942:46d3f933 has been stopped in total 1264,163 ms
2025-08-25 15:23:27.069 +02:00 [WRN] Microsoft.EntityFrameworkCore.Model.Validation No store type was specified for the decimal property '"Calories"' on entity type '"FoodItem"'. This will cause values to be silently truncated if they do not fit in the default precision and scale. Explicitly specify the SQL server column type that can accommodate all the values in 'OnModelCreating' using 'HasColumnType', specify precision and scale using 'HasPrecision', or configure a value converter using 'HasConversion'.
2025-08-25 15:23:27.182 +02:00 [WRN] Microsoft.EntityFrameworkCore.Model.Validation No store type was specified for the decimal property '"GramsPerUnit"' on entity type '"FoodHasUnit"'. This will cause values to be silently truncated if they do not fit in the default precision and scale. Explicitly specify the SQL server column type that can accommodate all the values in 'OnModelCreating' using 'HasColumnType', specify precision and scale using 'HasPrecision', or configure a value converter using 'HasConversion'.
2025-08-25 15:23:27.182 +02:00 [WRN] Microsoft.EntityFrameworkCore.Model.Validation No store type was specified for the decimal property '"AmountDeciliters"' on entity type '"FoodUnit"'. This will cause values to be silently truncated if they do not fit in the default precision and scale. Explicitly specify the SQL server column type that can accommodate all the values in 'OnModelCreating' using 'HasColumnType', specify precision and scale using 'HasPrecision', or configure a value converter using 'HasConversion'.
2025-08-25 15:23:27.412 +02:00 [WRN] Microsoft.EntityFrameworkCore.Model.Validation No store type was specified for the decimal property '"Calories"' on entity type '"FoodItem"'. This will cause values to be silently truncated if they do not fit in the default precision and scale. Explicitly specify the SQL server column type that can accommodate all the values in 'OnModelCreating' using 'HasColumnType', specify precision and scale using 'HasPrecision', or configure a value converter using 'HasConversion'.
2025-08-25 15:23:27.413 +02:00 [WRN] Microsoft.EntityFrameworkCore.Model.Validation No store type was specified for the decimal property '"GramsPerUnit"' on entity type '"FoodHasUnit"'. This will cause values to be silently truncated if they do not fit in the default precision and scale. Explicitly specify the SQL server column type that can accommodate all the values in 'OnModelCreating' using 'HasColumnType', specify precision and scale using 'HasPrecision', or configure a value converter using 'HasConversion'.
2025-08-25 15:23:27.413 +02:00 [WRN] Microsoft.EntityFrameworkCore.Model.Validation No store type was specified for the decimal property '"AmountDeciliters"' on entity type '"FoodUnit"'. This will cause values to be silently truncated if they do not fit in the default precision and scale. Explicitly specify the SQL server column type that can accommodate all the values in 'OnModelCreating' using 'HasColumnType', specify precision and scale using 'HasPrecision', or configure a value converter using 'HasConversion'.
2025-08-25 15:24:32.791 +02:00 [WRN] Microsoft.EntityFrameworkCore.Model.Validation No store type was specified for the decimal property '"Calories"' on entity type '"FoodItem"'. This will cause values to be silently truncated if they do not fit in the default precision and scale. Explicitly specify the SQL server column type that can accommodate all the values in 'OnModelCreating' using 'HasColumnType', specify precision and scale using 'HasPrecision', or configure a value converter using 'HasConversion'.
2025-08-25 15:24:32.904 +02:00 [WRN] Microsoft.EntityFrameworkCore.Model.Validation No store type was specified for the decimal property '"GramsPerUnit"' on entity type '"FoodHasUnit"'. This will cause values to be silently truncated if they do not fit in the default precision and scale. Explicitly specify the SQL server column type that can accommodate all the values in 'OnModelCreating' using 'HasColumnType', specify precision and scale using 'HasPrecision', or configure a value converter using 'HasConversion'.
2025-08-25 15:24:32.904 +02:00 [WRN] Microsoft.EntityFrameworkCore.Model.Validation No store type was specified for the decimal property '"AmountDeciliters"' on entity type '"FoodUnit"'. This will cause values to be silently truncated if they do not fit in the default precision and scale. Explicitly specify the SQL server column type that can accommodate all the values in 'OnModelCreating' using 'HasColumnType', specify precision and scale using 'HasPrecision', or configure a value converter using 'HasConversion'.
2025-08-25 15:25:07.074 +02:00 [WRN] Microsoft.EntityFrameworkCore.Model.Validation No store type was specified for the decimal property '"Calories"' on entity type '"FoodItem"'. This will cause values to be silently truncated if they do not fit in the default precision and scale. Explicitly specify the SQL server column type that can accommodate all the values in 'OnModelCreating' using 'HasColumnType', specify precision and scale using 'HasPrecision', or configure a value converter using 'HasConversion'.
2025-08-25 15:25:07.203 +02:00 [WRN] Microsoft.EntityFrameworkCore.Model.Validation No store type was specified for the decimal property '"GramsPerUnit"' on entity type '"FoodHasUnit"'. This will cause values to be silently truncated if they do not fit in the default precision and scale. Explicitly specify the SQL server column type that can accommodate all the values in 'OnModelCreating' using 'HasColumnType', specify precision and scale using 'HasPrecision', or configure a value converter using 'HasConversion'.
2025-08-25 15:25:07.203 +02:00 [WRN] Microsoft.EntityFrameworkCore.Model.Validation No store type was specified for the decimal property '"AmountDeciliters"' on entity type '"FoodUnit"'. This will cause values to be silently truncated if they do not fit in the default precision and scale. Explicitly specify the SQL server column type that can accommodate all the values in 'OnModelCreating' using 'HasColumnType', specify precision and scale using 'HasPrecision', or configure a value converter using 'HasConversion'.
2025-08-25 15:25:15.327 +02:00 [ERR] Microsoft.EntityFrameworkCore.Database.Command Failed executing DbCommand ("355"ms) [Parameters=[""], CommandType='Text', CommandTimeout='30']"
""CREATE INDEX [IX_FoodItem_Name] ON [FoodItem] ([Name]);"
2025-08-25 15:27:55.415 +02:00 [WRN] Microsoft.EntityFrameworkCore.Model.Validation No store type was specified for the decimal property '"Calories"' on entity type '"FoodItem"'. This will cause values to be silently truncated if they do not fit in the default precision and scale. Explicitly specify the SQL server column type that can accommodate all the values in 'OnModelCreating' using 'HasColumnType', specify precision and scale using 'HasPrecision', or configure a value converter using 'HasConversion'.
2025-08-25 15:27:55.526 +02:00 [WRN] Microsoft.EntityFrameworkCore.Model.Validation No store type was specified for the decimal property '"GramsPerUnit"' on entity type '"FoodHasUnit"'. This will cause values to be silently truncated if they do not fit in the default precision and scale. Explicitly specify the SQL server column type that can accommodate all the values in 'OnModelCreating' using 'HasColumnType', specify precision and scale using 'HasPrecision', or configure a value converter using 'HasConversion'.
2025-08-25 15:27:55.526 +02:00 [WRN] Microsoft.EntityFrameworkCore.Model.Validation No store type was specified for the decimal property '"AmountDeciliters"' on entity type '"FoodUnit"'. This will cause values to be silently truncated if they do not fit in the default precision and scale. Explicitly specify the SQL server column type that can accommodate all the values in 'OnModelCreating' using 'HasColumnType', specify precision and scale using 'HasPrecision', or configure a value converter using 'HasConversion'.
2025-08-25 15:28:08.367 +02:00 [WRN] Microsoft.EntityFrameworkCore.Model.Validation No store type was specified for the decimal property '"Calories"' on entity type '"FoodItem"'. This will cause values to be silently truncated if they do not fit in the default precision and scale. Explicitly specify the SQL server column type that can accommodate all the values in 'OnModelCreating' using 'HasColumnType', specify precision and scale using 'HasPrecision', or configure a value converter using 'HasConversion'.
2025-08-25 15:28:08.496 +02:00 [WRN] Microsoft.EntityFrameworkCore.Model.Validation No store type was specified for the decimal property '"GramsPerUnit"' on entity type '"FoodHasUnit"'. This will cause values to be silently truncated if they do not fit in the default precision and scale. Explicitly specify the SQL server column type that can accommodate all the values in 'OnModelCreating' using 'HasColumnType', specify precision and scale using 'HasPrecision', or configure a value converter using 'HasConversion'.
2025-08-25 15:28:08.497 +02:00 [WRN] Microsoft.EntityFrameworkCore.Model.Validation No store type was specified for the decimal property '"AmountDeciliters"' on entity type '"FoodUnit"'. This will cause values to be silently truncated if they do not fit in the default precision and scale. Explicitly specify the SQL server column type that can accommodate all the values in 'OnModelCreating' using 'HasColumnType', specify precision and scale using 'HasPrecision', or configure a value converter using 'HasConversion'.
2025-08-25 15:28:14.235 +02:00 [ERR] Microsoft.EntityFrameworkCore.Database.Command Failed executing DbCommand ("180"ms) [Parameters=[""], CommandType='Text', CommandTimeout='30']"
""CREATE INDEX [IX_FoodItem_Name] ON [FoodItem] ([Name]);"
2025-08-25 15:29:23.641 +02:00 [WRN] Microsoft.EntityFrameworkCore.Model.Validation No store type was specified for the decimal property '"Calories"' on entity type '"FoodItem"'. This will cause values to be silently truncated if they do not fit in the default precision and scale. Explicitly specify the SQL server column type that can accommodate all the values in 'OnModelCreating' using 'HasColumnType', specify precision and scale using 'HasPrecision', or configure a value converter using 'HasConversion'.
2025-08-25 15:29:23.775 +02:00 [WRN] Microsoft.EntityFrameworkCore.Model.Validation No store type was specified for the decimal property '"GramsPerUnit"' on entity type '"FoodHasUnit"'. This will cause values to be silently truncated if they do not fit in the default precision and scale. Explicitly specify the SQL server column type that can accommodate all the values in 'OnModelCreating' using 'HasColumnType', specify precision and scale using 'HasPrecision', or configure a value converter using 'HasConversion'.
2025-08-25 15:29:23.775 +02:00 [WRN] Microsoft.EntityFrameworkCore.Model.Validation No store type was specified for the decimal property '"AmountDeciliters"' on entity type '"FoodUnit"'. This will cause values to be silently truncated if they do not fit in the default precision and scale. Explicitly specify the SQL server column type that can accommodate all the values in 'OnModelCreating' using 'HasColumnType', specify precision and scale using 'HasPrecision', or configure a value converter using 'HasConversion'.
2025-08-25 15:29:50.657 +02:00 [WRN] Microsoft.EntityFrameworkCore.Model.Validation No store type was specified for the decimal property '"Calories"' on entity type '"FoodItem"'. This will cause values to be silently truncated if they do not fit in the default precision and scale. Explicitly specify the SQL server column type that can accommodate all the values in 'OnModelCreating' using 'HasColumnType', specify precision and scale using 'HasPrecision', or configure a value converter using 'HasConversion'.
2025-08-25 15:29:50.765 +02:00 [WRN] Microsoft.EntityFrameworkCore.Model.Validation No store type was specified for the decimal property '"GramsPerUnit"' on entity type '"FoodHasUnit"'. This will cause values to be silently truncated if they do not fit in the default precision and scale. Explicitly specify the SQL server column type that can accommodate all the values in 'OnModelCreating' using 'HasColumnType', specify precision and scale using 'HasPrecision', or configure a value converter using 'HasConversion'.
2025-08-25 15:29:50.765 +02:00 [WRN] Microsoft.EntityFrameworkCore.Model.Validation No store type was specified for the decimal property '"AmountDeciliters"' on entity type '"FoodUnit"'. This will cause values to be silently truncated if they do not fit in the default precision and scale. Explicitly specify the SQL server column type that can accommodate all the values in 'OnModelCreating' using 'HasColumnType', specify precision and scale using 'HasPrecision', or configure a value converter using 'HasConversion'.
2025-08-25 15:32:40.642 +02:00 [INF] Hangfire.BackgroundJobServer Starting Hangfire Server using job storage: 'Database path: hangfire_taskqueue,  prefix: hangfire'
2025-08-25 15:32:40.707 +02:00 [INF] Hangfire.BackgroundJobServer Using the following options for Hangfire Server:
    Worker count: 20
    Listening queues: 'default'
    Shutdown timeout: 00:00:15
    Schedule polling interval: 00:00:15
2025-08-25 15:32:40.763 +02:00 [INF] Hangfire.Server.BackgroundServerProcess Server mbp-von-erlend:5396:614244cb successfully announced in 17,7119 ms
2025-08-25 15:32:40.767 +02:00 [INF] Hangfire.Server.BackgroundServerProcess Server mbp-von-erlend:5396:614244cb is starting the registered dispatchers: ServerWatchdog, ServerJobCancellationWatcher, ExpirationManager, CountersAggregator, Worker, DelayedJobScheduler, RecurringJobScheduler...
2025-08-25 15:32:40.770 +02:00 [INF] Hangfire.Storage.SQLite.ExpirationManager Removing outdated records from the 'AggregatedCounter' table...
2025-08-25 15:32:40.793 +02:00 [INF] Hangfire.Storage.SQLite.ExpirationManager Outdated records removed from the 'AggregatedCounter' table...
2025-08-25 15:32:40.793 +02:00 [INF] Hangfire.Storage.SQLite.ExpirationManager Removing outdated records from the 'Counter' table...
2025-08-25 15:32:40.799 +02:00 [INF] Hangfire.Storage.SQLite.ExpirationManager Outdated records removed from the 'Counter' table...
2025-08-25 15:32:40.799 +02:00 [INF] Hangfire.Storage.SQLite.ExpirationManager Removing outdated records from the 'Job' table...
2025-08-25 15:32:40.801 +02:00 [INF] Hangfire.Storage.SQLite.ExpirationManager Outdated records removed from the 'Job' table...
2025-08-25 15:32:40.801 +02:00 [INF] Hangfire.Storage.SQLite.ExpirationManager Removing outdated records from the 'List' table...
2025-08-25 15:32:40.803 +02:00 [INF] Hangfire.Storage.SQLite.ExpirationManager Outdated records removed from the 'List' table...
2025-08-25 15:32:40.803 +02:00 [INF] Hangfire.Server.BackgroundServerProcess Server mbp-von-erlend:5396:614244cb all the dispatchers started
2025-08-25 15:32:40.803 +02:00 [INF] Hangfire.Storage.SQLite.ExpirationManager Removing outdated records from the 'Set' table...
2025-08-25 15:32:40.805 +02:00 [INF] Hangfire.Storage.SQLite.ExpirationManager Outdated records removed from the 'Set' table...
2025-08-25 15:32:40.805 +02:00 [INF] Hangfire.Storage.SQLite.ExpirationManager Removing outdated records from the 'Hash' table...
2025-08-25 15:32:40.807 +02:00 [INF] Hangfire.Storage.SQLite.ExpirationManager Outdated records removed from the 'Hash' table...
2025-08-25 15:32:40.807 +02:00 [INF] Hangfire.Storage.SQLite.ExpirationManager Removing outdated records from the 'State' table...
2025-08-25 15:32:40.809 +02:00 [INF] Hangfire.Storage.SQLite.ExpirationManager Outdated records removed from the 'State' table...
2025-08-25 15:32:40.809 +02:00 [INF] Hangfire.Storage.SQLite.ExpirationManager Removing outdated records from the 'JobParameter' table...
2025-08-25 15:32:40.813 +02:00 [INF] Hangfire.Storage.SQLite.ExpirationManager Outdated records removed from the 'JobParameter' table...
2025-08-25 15:32:40.897 +02:00 [INF] calcalc.BackgroundJobs.MattilsynetSync MattilsynetSync: Start
2025-08-25 15:32:41.111 +02:00 [INF] calcalc.BackgroundJobs.MattilsynetSync MattilsynetSync: Get food items from API
2025-08-25 15:32:41.132 +02:00 [INF] System.Net.Http.HttpClient.Default.LogicalHandler Start processing HTTP request "GET" "https://www.matvaretabellen.no/api/nb/foods.json"
2025-08-25 15:32:41.136 +02:00 [INF] System.Net.Http.HttpClient.Default.ClientHandler Sending HTTP request "GET" "https://www.matvaretabellen.no/api/nb/foods.json"
2025-08-25 15:32:42.071 +02:00 [INF] System.Net.Http.HttpClient.Default.ClientHandler Received HTTP response headers after 929.9892ms - 200
2025-08-25 15:32:42.076 +02:00 [INF] System.Net.Http.HttpClient.Default.LogicalHandler End processing HTTP request after 958.7977ms - 200
2025-08-25 15:32:45.654 +02:00 [INF] calcalc.BackgroundJobs.MattilsynetSync MattilsynetSync: Got food items from API
2025-08-25 15:32:46.931 +02:00 [WRN] Microsoft.EntityFrameworkCore.Model.Validation No store type was specified for the decimal property '"Calories"' on entity type '"FoodItem"'. This will cause values to be silently truncated if they do not fit in the default precision and scale. Explicitly specify the SQL server column type that can accommodate all the values in 'OnModelCreating' using 'HasColumnType', specify precision and scale using 'HasPrecision', or configure a value converter using 'HasConversion'.
2025-08-25 15:32:46.933 +02:00 [WRN] Microsoft.EntityFrameworkCore.Model.Validation No store type was specified for the decimal property '"GramsPerUnit"' on entity type '"FoodHasUnit"'. This will cause values to be silently truncated if they do not fit in the default precision and scale. Explicitly specify the SQL server column type that can accommodate all the values in 'OnModelCreating' using 'HasColumnType', specify precision and scale using 'HasPrecision', or configure a value converter using 'HasConversion'.
2025-08-25 15:32:46.934 +02:00 [WRN] Microsoft.EntityFrameworkCore.Model.Validation No store type was specified for the decimal property '"AmountDeciliters"' on entity type '"FoodUnit"'. This will cause values to be silently truncated if they do not fit in the default precision and scale. Explicitly specify the SQL server column type that can accommodate all the values in 'OnModelCreating' using 'HasColumnType', specify precision and scale using 'HasPrecision', or configure a value converter using 'HasConversion'.
2025-08-25 15:32:50.254 +02:00 [INF] calcalc.BackgroundJobs.MattilsynetSync MattilsynetSync: Adding food items to database
2025-08-25 15:40:26.821 +02:00 [INF] calcalc.BackgroundJobs.MattilsynetSync MattilsynetSync: Done adding food items to database, added 2137
2025-08-25 15:40:26.827 +02:00 [INF] calcalc.BackgroundJobs.MattilsynetSync MattilsynetSync: Adding units to food items to database
2025-08-25 15:40:27.324 +02:00 [ERR] Hangfire.AutomaticRetryAttribute Failed to process the job '4': an exception occurred.
System.NullReferenceException: Object reference not set to an instance of an object.
   at calcalc.BackgroundJobs.MattilsynetSync.DoSync() in /Users/erlend/Documents/calcalc/calcalc/BackgroundJobs/MattilsynetSync.cs:line 119
   at calcalc.BackgroundJobs.MattilsynetSync.DoSync() in /Users/erlend/Documents/calcalc/calcalc/BackgroundJobs/MattilsynetSync.cs:line 131
   at System.RuntimeMethodHandle.InvokeMethod(Object target, Void** arguments, Signature sig, Boolean isConstructor)
   at System.Reflection.MethodBaseInvoker.InvokeWithNoArgs(Object obj, BindingFlags invokeAttr)
2025-08-25 15:40:44.990 +02:00 [WRN] Microsoft.EntityFrameworkCore.Query Compiling a query which loads related collections for more than one collection navigation, either via 'Include' or through projection, but no 'QuerySplittingBehavior' has been configured. By default, Entity Framework will use 'QuerySplittingBehavior.SingleQuery', which can potentially result in slow query performance. See https://go.microsoft.com/fwlink/?linkid=2134277 for more information. To identify the query that's triggering this warning call 'ConfigureWarnings(w => w.Throw(RelationalEventId.MultipleCollectionIncludeWarning))'.
2025-08-25 15:40:46.021 +02:00 [ERR] Microsoft.AspNetCore.Diagnostics.ExceptionHandlerMiddleware An unhandled exception has occurred while executing the request.
System.IO.FileNotFoundException: Could not find file '/Users/erlend/Documents/calcalc/calcalc/wwwroot/calcalc.styles.css'.
File name: '/Users/erlend/Documents/calcalc/calcalc/wwwroot/calcalc.styles.css'
   at System.IO.FileInfo.get_Length()
   at Microsoft.AspNetCore.Builder.StaticAssetDevelopmentRuntimeHandler.<>c__DisplayClass3_0.<<AttachRuntimePatching>b__0>d.MoveNext()
--- End of stack trace from previous location ---
   at Microsoft.AspNetCore.Localization.RequestLocalizationMiddleware.Invoke(HttpContext context)
   at Microsoft.AspNetCore.Authorization.AuthorizationMiddleware.Invoke(HttpContext context)
   at Microsoft.AspNetCore.Diagnostics.ExceptionHandlerMiddlewareImpl.<Invoke>g__Awaited|10_0(ExceptionHandlerMiddlewareImpl middleware, HttpContext context, Task task)
2025-08-25 15:40:46.032 +02:00 [WRN] Microsoft.AspNetCore.StaticAssets.StaticAssetsInvoker The application is not running against the published output and Static Web Assets are not enabled. To configure static web assets in other environments, call 'StaticWebAssetsLoader.UseStaticWebAssets(IWebHostEnvironment, IConfiguration)' to enable them.
2025-08-25 15:40:46.032 +02:00 [WRN] Microsoft.AspNetCore.StaticAssets.StaticAssetsInvoker The application is not running against the published output and Static Web Assets are not enabled. To configure static web assets in other environments, call 'StaticWebAssetsLoader.UseStaticWebAssets(IWebHostEnvironment, IConfiguration)' to enable them.
2025-08-25 15:40:46.032 +02:00 [WRN] Microsoft.AspNetCore.StaticAssets.StaticAssetsInvoker The application is not running against the published output and Static Web Assets are not enabled. To configure static web assets in other environments, call 'StaticWebAssetsLoader.UseStaticWebAssets(IWebHostEnvironment, IConfiguration)' to enable them.
2025-08-25 15:40:46.040 +02:00 [WRN] Microsoft.AspNetCore.StaticAssets.StaticAssetsInvoker The application is not running against the published output and Static Web Assets are not enabled. To configure static web assets in other environments, call 'StaticWebAssetsLoader.UseStaticWebAssets(IWebHostEnvironment, IConfiguration)' to enable them.
2025-08-25 15:40:46.040 +02:00 [WRN] Microsoft.AspNetCore.StaticAssets.StaticAssetsInvoker The application is not running against the published output and Static Web Assets are not enabled. To configure static web assets in other environments, call 'StaticWebAssetsLoader.UseStaticWebAssets(IWebHostEnvironment, IConfiguration)' to enable them.
2025-08-25 15:40:46.588 +02:00 [WRN] Microsoft.AspNetCore.StaticAssets.StaticAssetsInvoker The application is not running against the published output and Static Web Assets are not enabled. To configure static web assets in other environments, call 'StaticWebAssetsLoader.UseStaticWebAssets(IWebHostEnvironment, IConfiguration)' to enable them.
2025-08-25 15:40:54.639 +02:00 [WRN] Microsoft.AspNetCore.StaticAssets.StaticAssetsInvoker The application is not running against the published output and Static Web Assets are not enabled. To configure static web assets in other environments, call 'StaticWebAssetsLoader.UseStaticWebAssets(IWebHostEnvironment, IConfiguration)' to enable them.
2025-08-25 15:40:54.639 +02:00 [ERR] Microsoft.AspNetCore.Diagnostics.ExceptionHandlerMiddleware An unhandled exception has occurred while executing the request.
System.IO.FileNotFoundException: Could not find file '/Users/erlend/Documents/calcalc/calcalc/wwwroot/calcalc.styles.css'.
File name: '/Users/erlend/Documents/calcalc/calcalc/wwwroot/calcalc.styles.css'
   at System.IO.FileInfo.get_Length()
   at Microsoft.AspNetCore.Builder.StaticAssetDevelopmentRuntimeHandler.<>c__DisplayClass3_0.<<AttachRuntimePatching>b__0>d.MoveNext()
--- End of stack trace from previous location ---
   at Microsoft.AspNetCore.Localization.RequestLocalizationMiddleware.Invoke(HttpContext context)
   at Microsoft.AspNetCore.Authorization.AuthorizationMiddleware.Invoke(HttpContext context)
   at Microsoft.AspNetCore.Diagnostics.ExceptionHandlerMiddlewareImpl.<Invoke>g__Awaited|10_0(ExceptionHandlerMiddlewareImpl middleware, HttpContext context, Task task)
2025-08-25 15:40:54.645 +02:00 [WRN] Microsoft.AspNetCore.StaticAssets.StaticAssetsInvoker The application is not running against the published output and Static Web Assets are not enabled. To configure static web assets in other environments, call 'StaticWebAssetsLoader.UseStaticWebAssets(IWebHostEnvironment, IConfiguration)' to enable them.
2025-08-25 15:40:54.646 +02:00 [WRN] Microsoft.AspNetCore.StaticAssets.StaticAssetsInvoker The application is not running against the published output and Static Web Assets are not enabled. To configure static web assets in other environments, call 'StaticWebAssetsLoader.UseStaticWebAssets(IWebHostEnvironment, IConfiguration)' to enable them.
2025-08-25 15:40:54.665 +02:00 [WRN] Microsoft.AspNetCore.StaticAssets.StaticAssetsInvoker The application is not running against the published output and Static Web Assets are not enabled. To configure static web assets in other environments, call 'StaticWebAssetsLoader.UseStaticWebAssets(IWebHostEnvironment, IConfiguration)' to enable them.
2025-08-25 15:40:54.725 +02:00 [WRN] Microsoft.AspNetCore.StaticAssets.StaticAssetsInvoker The application is not running against the published output and Static Web Assets are not enabled. To configure static web assets in other environments, call 'StaticWebAssetsLoader.UseStaticWebAssets(IWebHostEnvironment, IConfiguration)' to enable them.
2025-08-25 15:40:54.737 +02:00 [WRN] Microsoft.AspNetCore.StaticAssets.StaticAssetsInvoker The application is not running against the published output and Static Web Assets are not enabled. To configure static web assets in other environments, call 'StaticWebAssetsLoader.UseStaticWebAssets(IWebHostEnvironment, IConfiguration)' to enable them.
2025-08-25 15:40:56.451 +02:00 [WRN] Microsoft.AspNetCore.StaticAssets.StaticAssetsInvoker The application is not running against the published output and Static Web Assets are not enabled. To configure static web assets in other environments, call 'StaticWebAssetsLoader.UseStaticWebAssets(IWebHostEnvironment, IConfiguration)' to enable them.
2025-08-25 15:40:56.453 +02:00 [WRN] Microsoft.AspNetCore.StaticAssets.StaticAssetsInvoker The application is not running against the published output and Static Web Assets are not enabled. To configure static web assets in other environments, call 'StaticWebAssetsLoader.UseStaticWebAssets(IWebHostEnvironment, IConfiguration)' to enable them.
2025-08-25 15:40:56.453 +02:00 [WRN] Microsoft.AspNetCore.StaticAssets.StaticAssetsInvoker The application is not running against the published output and Static Web Assets are not enabled. To configure static web assets in other environments, call 'StaticWebAssetsLoader.UseStaticWebAssets(IWebHostEnvironment, IConfiguration)' to enable them.
2025-08-25 15:40:56.454 +02:00 [WRN] Microsoft.AspNetCore.StaticAssets.StaticAssetsInvoker The application is not running against the published output and Static Web Assets are not enabled. To configure static web assets in other environments, call 'StaticWebAssetsLoader.UseStaticWebAssets(IWebHostEnvironment, IConfiguration)' to enable them.
2025-08-25 15:40:56.454 +02:00 [WRN] Microsoft.AspNetCore.StaticAssets.StaticAssetsInvoker The application is not running against the published output and Static Web Assets are not enabled. To configure static web assets in other environments, call 'StaticWebAssetsLoader.UseStaticWebAssets(IWebHostEnvironment, IConfiguration)' to enable them.
2025-08-25 15:40:56.453 +02:00 [ERR] Microsoft.AspNetCore.Diagnostics.ExceptionHandlerMiddleware An unhandled exception has occurred while executing the request.
System.IO.FileNotFoundException: Could not find file '/Users/erlend/Documents/calcalc/calcalc/wwwroot/calcalc.styles.css'.
File name: '/Users/erlend/Documents/calcalc/calcalc/wwwroot/calcalc.styles.css'
   at System.IO.FileInfo.get_Length()
   at Microsoft.AspNetCore.Builder.StaticAssetDevelopmentRuntimeHandler.<>c__DisplayClass3_0.<<AttachRuntimePatching>b__0>d.MoveNext()
--- End of stack trace from previous location ---
   at Microsoft.AspNetCore.Localization.RequestLocalizationMiddleware.Invoke(HttpContext context)
   at Microsoft.AspNetCore.Authorization.AuthorizationMiddleware.Invoke(HttpContext context)
   at Microsoft.AspNetCore.Diagnostics.ExceptionHandlerMiddlewareImpl.<Invoke>g__Awaited|10_0(ExceptionHandlerMiddlewareImpl middleware, HttpContext context, Task task)
2025-08-25 15:40:56.480 +02:00 [WRN] Microsoft.AspNetCore.StaticAssets.StaticAssetsInvoker The application is not running against the published output and Static Web Assets are not enabled. To configure static web assets in other environments, call 'StaticWebAssetsLoader.UseStaticWebAssets(IWebHostEnvironment, IConfiguration)' to enable them.
2025-08-25 15:41:36.363 +02:00 [WRN] Microsoft.AspNetCore.StaticAssets.StaticAssetsInvoker The application is not running against the published output and Static Web Assets are not enabled. To configure static web assets in other environments, call 'StaticWebAssetsLoader.UseStaticWebAssets(IWebHostEnvironment, IConfiguration)' to enable them.
2025-08-25 15:41:36.366 +02:00 [ERR] Microsoft.AspNetCore.Diagnostics.ExceptionHandlerMiddleware An unhandled exception has occurred while executing the request.
System.IO.FileNotFoundException: Could not find file '/Users/erlend/Documents/calcalc/calcalc/wwwroot/calcalc.styles.css'.
File name: '/Users/erlend/Documents/calcalc/calcalc/wwwroot/calcalc.styles.css'
   at System.IO.FileInfo.get_Length()
   at Microsoft.AspNetCore.Builder.StaticAssetDevelopmentRuntimeHandler.<>c__DisplayClass3_0.<<AttachRuntimePatching>b__0>d.MoveNext()
--- End of stack trace from previous location ---
   at Microsoft.AspNetCore.Localization.RequestLocalizationMiddleware.Invoke(HttpContext context)
   at Microsoft.AspNetCore.Authorization.AuthorizationMiddleware.Invoke(HttpContext context)
   at Microsoft.AspNetCore.Diagnostics.ExceptionHandlerMiddlewareImpl.<Invoke>g__Awaited|10_0(ExceptionHandlerMiddlewareImpl middleware, HttpContext context, Task task)
2025-08-25 15:41:36.370 +02:00 [WRN] Microsoft.AspNetCore.StaticAssets.StaticAssetsInvoker The application is not running against the published output and Static Web Assets are not enabled. To configure static web assets in other environments, call 'StaticWebAssetsLoader.UseStaticWebAssets(IWebHostEnvironment, IConfiguration)' to enable them.
2025-08-25 15:41:36.371 +02:00 [WRN] Microsoft.AspNetCore.StaticAssets.StaticAssetsInvoker The application is not running against the published output and Static Web Assets are not enabled. To configure static web assets in other environments, call 'StaticWebAssetsLoader.UseStaticWebAssets(IWebHostEnvironment, IConfiguration)' to enable them.
2025-08-25 15:41:36.372 +02:00 [WRN] Microsoft.AspNetCore.StaticAssets.StaticAssetsInvoker The application is not running against the published output and Static Web Assets are not enabled. To configure static web assets in other environments, call 'StaticWebAssetsLoader.UseStaticWebAssets(IWebHostEnvironment, IConfiguration)' to enable them.
2025-08-25 15:41:36.382 +02:00 [WRN] Microsoft.AspNetCore.StaticAssets.StaticAssetsInvoker The application is not running against the published output and Static Web Assets are not enabled. To configure static web assets in other environments, call 'StaticWebAssetsLoader.UseStaticWebAssets(IWebHostEnvironment, IConfiguration)' to enable them.
2025-08-25 15:41:36.400 +02:00 [WRN] Microsoft.AspNetCore.StaticAssets.StaticAssetsInvoker The application is not running against the published output and Static Web Assets are not enabled. To configure static web assets in other environments, call 'StaticWebAssetsLoader.UseStaticWebAssets(IWebHostEnvironment, IConfiguration)' to enable them.
2025-08-25 15:41:38.699 +02:00 [WRN] Microsoft.AspNetCore.StaticAssets.StaticAssetsInvoker The application is not running against the published output and Static Web Assets are not enabled. To configure static web assets in other environments, call 'StaticWebAssetsLoader.UseStaticWebAssets(IWebHostEnvironment, IConfiguration)' to enable them.
2025-08-25 15:41:38.700 +02:00 [WRN] Microsoft.AspNetCore.StaticAssets.StaticAssetsInvoker The application is not running against the published output and Static Web Assets are not enabled. To configure static web assets in other environments, call 'StaticWebAssetsLoader.UseStaticWebAssets(IWebHostEnvironment, IConfiguration)' to enable them.
2025-08-25 15:41:38.706 +02:00 [WRN] Microsoft.AspNetCore.StaticAssets.StaticAssetsInvoker The application is not running against the published output and Static Web Assets are not enabled. To configure static web assets in other environments, call 'StaticWebAssetsLoader.UseStaticWebAssets(IWebHostEnvironment, IConfiguration)' to enable them.
2025-08-25 15:41:38.703 +02:00 [WRN] Microsoft.AspNetCore.StaticAssets.StaticAssetsInvoker The application is not running against the published output and Static Web Assets are not enabled. To configure static web assets in other environments, call 'StaticWebAssetsLoader.UseStaticWebAssets(IWebHostEnvironment, IConfiguration)' to enable them.
2025-08-25 15:41:38.703 +02:00 [ERR] Microsoft.AspNetCore.Diagnostics.ExceptionHandlerMiddleware An unhandled exception has occurred while executing the request.
System.IO.FileNotFoundException: Could not find file '/Users/erlend/Documents/calcalc/calcalc/wwwroot/calcalc.styles.css'.
File name: '/Users/erlend/Documents/calcalc/calcalc/wwwroot/calcalc.styles.css'
   at System.IO.FileInfo.get_Length()
   at Microsoft.AspNetCore.Builder.StaticAssetDevelopmentRuntimeHandler.<>c__DisplayClass3_0.<<AttachRuntimePatching>b__0>d.MoveNext()
--- End of stack trace from previous location ---
   at Microsoft.AspNetCore.Localization.RequestLocalizationMiddleware.Invoke(HttpContext context)
   at Microsoft.AspNetCore.Authorization.AuthorizationMiddleware.Invoke(HttpContext context)
   at Microsoft.AspNetCore.Diagnostics.ExceptionHandlerMiddlewareImpl.<Invoke>g__Awaited|10_0(ExceptionHandlerMiddlewareImpl middleware, HttpContext context, Task task)
2025-08-25 15:41:38.711 +02:00 [WRN] Microsoft.AspNetCore.StaticAssets.StaticAssetsInvoker The application is not running against the published output and Static Web Assets are not enabled. To configure static web assets in other environments, call 'StaticWebAssetsLoader.UseStaticWebAssets(IWebHostEnvironment, IConfiguration)' to enable them.
2025-08-25 15:41:38.751 +02:00 [WRN] Microsoft.AspNetCore.StaticAssets.StaticAssetsInvoker The application is not running against the published output and Static Web Assets are not enabled. To configure static web assets in other environments, call 'StaticWebAssetsLoader.UseStaticWebAssets(IWebHostEnvironment, IConfiguration)' to enable them.
2025-08-25 15:41:40.656 +02:00 [WRN] Microsoft.AspNetCore.StaticAssets.StaticAssetsInvoker The application is not running against the published output and Static Web Assets are not enabled. To configure static web assets in other environments, call 'StaticWebAssetsLoader.UseStaticWebAssets(IWebHostEnvironment, IConfiguration)' to enable them.
2025-08-25 15:41:40.658 +02:00 [WRN] Microsoft.AspNetCore.StaticAssets.StaticAssetsInvoker The application is not running against the published output and Static Web Assets are not enabled. To configure static web assets in other environments, call 'StaticWebAssetsLoader.UseStaticWebAssets(IWebHostEnvironment, IConfiguration)' to enable them.
2025-08-25 15:41:40.657 +02:00 [ERR] Microsoft.AspNetCore.Diagnostics.ExceptionHandlerMiddleware An unhandled exception has occurred while executing the request.
System.IO.FileNotFoundException: Could not find file '/Users/erlend/Documents/calcalc/calcalc/wwwroot/calcalc.styles.css'.
File name: '/Users/erlend/Documents/calcalc/calcalc/wwwroot/calcalc.styles.css'
   at System.IO.FileInfo.get_Length()
   at Microsoft.AspNetCore.Builder.StaticAssetDevelopmentRuntimeHandler.<>c__DisplayClass3_0.<<AttachRuntimePatching>b__0>d.MoveNext()
--- End of stack trace from previous location ---
   at Microsoft.AspNetCore.Localization.RequestLocalizationMiddleware.Invoke(HttpContext context)
   at Microsoft.AspNetCore.Authorization.AuthorizationMiddleware.Invoke(HttpContext context)
   at Microsoft.AspNetCore.Diagnostics.ExceptionHandlerMiddlewareImpl.<Invoke>g__Awaited|10_0(ExceptionHandlerMiddlewareImpl middleware, HttpContext context, Task task)
2025-08-25 15:41:40.662 +02:00 [WRN] Microsoft.AspNetCore.StaticAssets.StaticAssetsInvoker The application is not running against the published output and Static Web Assets are not enabled. To configure static web assets in other environments, call 'StaticWebAssetsLoader.UseStaticWebAssets(IWebHostEnvironment, IConfiguration)' to enable them.
2025-08-25 15:41:40.663 +02:00 [WRN] Microsoft.AspNetCore.StaticAssets.StaticAssetsInvoker The application is not running against the published output and Static Web Assets are not enabled. To configure static web assets in other environments, call 'StaticWebAssetsLoader.UseStaticWebAssets(IWebHostEnvironment, IConfiguration)' to enable them.
2025-08-25 15:41:40.667 +02:00 [WRN] Microsoft.AspNetCore.StaticAssets.StaticAssetsInvoker The application is not running against the published output and Static Web Assets are not enabled. To configure static web assets in other environments, call 'StaticWebAssetsLoader.UseStaticWebAssets(IWebHostEnvironment, IConfiguration)' to enable them.
2025-08-25 15:41:40.711 +02:00 [WRN] Microsoft.AspNetCore.StaticAssets.StaticAssetsInvoker The application is not running against the published output and Static Web Assets are not enabled. To configure static web assets in other environments, call 'StaticWebAssetsLoader.UseStaticWebAssets(IWebHostEnvironment, IConfiguration)' to enable them.
2025-08-25 15:41:41.933 +02:00 [INF] Hangfire.Server.BackgroundServerProcess Server mbp-von-erlend:5396:614244cb caught stopping signal...
2025-08-25 15:41:41.942 +02:00 [INF] Hangfire.Server.BackgroundServerProcess Server mbp-von-erlend:5396:614244cb All dispatchers stopped
2025-08-25 15:41:41.948 +02:00 [INF] Hangfire.Server.BackgroundServerProcess Server mbp-von-erlend:5396:614244cb successfully reported itself as stopped in 2,5997 ms
2025-08-25 15:41:41.949 +02:00 [INF] Hangfire.Server.BackgroundServerProcess Server mbp-von-erlend:5396:614244cb has been stopped in total 14,5779 ms
2025-08-25 15:42:03.790 +02:00 [INF] Hangfire.BackgroundJobServer Starting Hangfire Server using job storage: 'Database path: hangfire_taskqueue,  prefix: hangfire'
2025-08-25 15:42:03.912 +02:00 [INF] Hangfire.BackgroundJobServer Using the following options for Hangfire Server:
    Worker count: 20
    Listening queues: 'default'
    Shutdown timeout: 00:00:15
    Schedule polling interval: 00:00:15
2025-08-25 15:42:04.084 +02:00 [INF] Hangfire.Server.BackgroundServerProcess Server mbp-von-erlend:5547:c1b61ec3 successfully announced in 139,7446 ms
2025-08-25 15:42:04.090 +02:00 [INF] Hangfire.Server.BackgroundServerProcess Server mbp-von-erlend:5547:c1b61ec3 is starting the registered dispatchers: ServerWatchdog, ServerJobCancellationWatcher, ExpirationManager, CountersAggregator, Worker, DelayedJobScheduler, RecurringJobScheduler...
2025-08-25 15:42:04.101 +02:00 [INF] Hangfire.Storage.SQLite.ExpirationManager Removing outdated records from the 'AggregatedCounter' table...
2025-08-25 15:42:04.114 +02:00 [INF] Hangfire.Server.BackgroundServerProcess Server mbp-von-erlend:5547:c1b61ec3 all the dispatchers started
2025-08-25 15:42:04.143 +02:00 [INF] Hangfire.Storage.SQLite.ExpirationManager Outdated records removed from the 'AggregatedCounter' table...
2025-08-25 15:42:04.143 +02:00 [INF] Hangfire.Storage.SQLite.ExpirationManager Removing outdated records from the 'Counter' table...
2025-08-25 15:42:04.148 +02:00 [INF] Hangfire.Storage.SQLite.ExpirationManager Outdated records removed from the 'Counter' table...
2025-08-25 15:42:04.148 +02:00 [INF] Hangfire.Storage.SQLite.ExpirationManager Removing outdated records from the 'Job' table...
2025-08-25 15:42:04.151 +02:00 [INF] Hangfire.Storage.SQLite.ExpirationManager Outdated records removed from the 'Job' table...
2025-08-25 15:42:04.151 +02:00 [INF] Hangfire.Storage.SQLite.ExpirationManager Removing outdated records from the 'List' table...
2025-08-25 15:42:04.154 +02:00 [INF] Hangfire.Storage.SQLite.ExpirationManager Outdated records removed from the 'List' table...
2025-08-25 15:42:04.154 +02:00 [INF] Hangfire.Storage.SQLite.ExpirationManager Removing outdated records from the 'Set' table...
2025-08-25 15:42:04.161 +02:00 [INF] Hangfire.Storage.SQLite.ExpirationManager Outdated records removed from the 'Set' table...
2025-08-25 15:42:04.161 +02:00 [INF] Hangfire.Storage.SQLite.ExpirationManager Removing outdated records from the 'Hash' table...
2025-08-25 15:42:04.164 +02:00 [INF] Hangfire.Storage.SQLite.ExpirationManager Outdated records removed from the 'Hash' table...
2025-08-25 15:42:04.165 +02:00 [INF] Hangfire.Storage.SQLite.ExpirationManager Removing outdated records from the 'State' table...
2025-08-25 15:42:04.167 +02:00 [INF] Hangfire.Storage.SQLite.ExpirationManager Outdated records removed from the 'State' table...
2025-08-25 15:42:04.167 +02:00 [INF] Hangfire.Storage.SQLite.ExpirationManager Removing outdated records from the 'JobParameter' table...
2025-08-25 15:42:04.169 +02:00 [INF] Hangfire.Storage.SQLite.ExpirationManager Outdated records removed from the 'JobParameter' table...
2025-08-25 15:42:16.994 +02:00 [WRN] Microsoft.AspNetCore.HttpsPolicy.HttpsRedirectionMiddleware Failed to determine the https port for redirect.
2025-08-25 15:42:21.631 +02:00 [WRN] Microsoft.EntityFrameworkCore.Model.Validation No store type was specified for the decimal property '"Calories"' on entity type '"FoodItem"'. This will cause values to be silently truncated if they do not fit in the default precision and scale. Explicitly specify the SQL server column type that can accommodate all the values in 'OnModelCreating' using 'HasColumnType', specify precision and scale using 'HasPrecision', or configure a value converter using 'HasConversion'.
2025-08-25 15:42:21.633 +02:00 [WRN] Microsoft.EntityFrameworkCore.Model.Validation No store type was specified for the decimal property '"GramsPerUnit"' on entity type '"FoodHasUnit"'. This will cause values to be silently truncated if they do not fit in the default precision and scale. Explicitly specify the SQL server column type that can accommodate all the values in 'OnModelCreating' using 'HasColumnType', specify precision and scale using 'HasPrecision', or configure a value converter using 'HasConversion'.
2025-08-25 15:42:21.633 +02:00 [WRN] Microsoft.EntityFrameworkCore.Model.Validation No store type was specified for the decimal property '"AmountDeciliters"' on entity type '"FoodUnit"'. This will cause values to be silently truncated if they do not fit in the default precision and scale. Explicitly specify the SQL server column type that can accommodate all the values in 'OnModelCreating' using 'HasColumnType', specify precision and scale using 'HasPrecision', or configure a value converter using 'HasConversion'.
2025-08-25 15:42:22.905 +02:00 [WRN] Microsoft.EntityFrameworkCore.Query Compiling a query which loads related collections for more than one collection navigation, either via 'Include' or through projection, but no 'QuerySplittingBehavior' has been configured. By default, Entity Framework will use 'QuerySplittingBehavior.SingleQuery', which can potentially result in slow query performance. See https://go.microsoft.com/fwlink/?linkid=2134277 for more information. To identify the query that's triggering this warning call 'ConfigureWarnings(w => w.Throw(RelationalEventId.MultipleCollectionIncludeWarning))'.
2025-08-25 15:42:39.346 +02:00 [WRN] Microsoft.EntityFrameworkCore.Query Compiling a query which loads related collections for more than one collection navigation, either via 'Include' or through projection, but no 'QuerySplittingBehavior' has been configured. By default, Entity Framework will use 'QuerySplittingBehavior.SingleQuery', which can potentially result in slow query performance. See https://go.microsoft.com/fwlink/?linkid=2134277 for more information. To identify the query that's triggering this warning call 'ConfigureWarnings(w => w.Throw(RelationalEventId.MultipleCollectionIncludeWarning))'.
2025-08-25 16:42:04.229 +02:00 [INF] Hangfire.Storage.SQLite.ExpirationManager Removing outdated records from the 'AggregatedCounter' table...
2025-08-25 16:42:04.251 +02:00 [INF] Hangfire.Storage.SQLite.ExpirationManager Outdated records removed from the 'AggregatedCounter' table...
2025-08-25 16:42:04.254 +02:00 [INF] Hangfire.Storage.SQLite.ExpirationManager Removing outdated records from the 'Counter' table...
2025-08-25 16:42:04.256 +02:00 [INF] Hangfire.Storage.SQLite.ExpirationManager Outdated records removed from the 'Counter' table...
2025-08-25 16:42:04.257 +02:00 [INF] Hangfire.Storage.SQLite.ExpirationManager Removing outdated records from the 'Job' table...
2025-08-25 16:42:04.257 +02:00 [INF] Hangfire.Storage.SQLite.ExpirationManager Outdated records removed from the 'Job' table...
2025-08-25 16:42:04.259 +02:00 [INF] Hangfire.Storage.SQLite.ExpirationManager Removing outdated records from the 'List' table...
2025-08-25 16:42:04.260 +02:00 [INF] Hangfire.Storage.SQLite.ExpirationManager Outdated records removed from the 'List' table...
2025-08-25 16:42:04.260 +02:00 [INF] Hangfire.Storage.SQLite.ExpirationManager Removing outdated records from the 'Set' table...
2025-08-25 16:42:04.264 +02:00 [INF] Hangfire.Storage.SQLite.ExpirationManager Outdated records removed from the 'Set' table...
2025-08-25 16:42:04.265 +02:00 [INF] Hangfire.Storage.SQLite.ExpirationManager Removing outdated records from the 'Hash' table...
2025-08-25 16:42:04.267 +02:00 [INF] Hangfire.Storage.SQLite.ExpirationManager Outdated records removed from the 'Hash' table...
2025-08-25 16:42:04.267 +02:00 [INF] Hangfire.Storage.SQLite.ExpirationManager Removing outdated records from the 'State' table...
2025-08-25 16:42:04.268 +02:00 [INF] Hangfire.Storage.SQLite.ExpirationManager Outdated records removed from the 'State' table...
2025-08-25 16:42:04.268 +02:00 [INF] Hangfire.Storage.SQLite.ExpirationManager Removing outdated records from the 'JobParameter' table...
2025-08-25 16:42:04.415 +02:00 [INF] Hangfire.Storage.SQLite.ExpirationManager Outdated records removed from the 'JobParameter' table...
2025-08-25 17:45:24.896 +02:00 [INF] Hangfire.Storage.SQLite.ExpirationManager Removing outdated records from the 'AggregatedCounter' table...
2025-08-25 17:45:24.906 +02:00 [INF] Hangfire.Storage.SQLite.ExpirationManager Outdated records removed from the 'AggregatedCounter' table...
2025-08-25 17:45:24.906 +02:00 [INF] Hangfire.Storage.SQLite.ExpirationManager Removing outdated records from the 'Counter' table...
2025-08-25 17:45:24.907 +02:00 [INF] Hangfire.Storage.SQLite.ExpirationManager Outdated records removed from the 'Counter' table...
2025-08-25 17:45:24.908 +02:00 [INF] Hangfire.Storage.SQLite.ExpirationManager Removing outdated records from the 'Job' table...
2025-08-25 17:45:24.909 +02:00 [INF] Hangfire.Storage.SQLite.ExpirationManager Outdated records removed from the 'Job' table...
2025-08-25 17:45:24.909 +02:00 [INF] Hangfire.Storage.SQLite.ExpirationManager Removing outdated records from the 'List' table...
2025-08-25 17:45:24.910 +02:00 [INF] Hangfire.Storage.SQLite.ExpirationManager Outdated records removed from the 'List' table...
2025-08-25 17:45:24.910 +02:00 [INF] Hangfire.Storage.SQLite.ExpirationManager Removing outdated records from the 'Set' table...
2025-08-25 17:45:24.912 +02:00 [INF] Hangfire.Storage.SQLite.ExpirationManager Outdated records removed from the 'Set' table...
2025-08-25 17:45:24.912 +02:00 [INF] Hangfire.Storage.SQLite.ExpirationManager Removing outdated records from the 'Hash' table...
2025-08-25 17:45:24.913 +02:00 [INF] Hangfire.Storage.SQLite.ExpirationManager Outdated records removed from the 'Hash' table...
2025-08-25 17:45:24.913 +02:00 [INF] Hangfire.Storage.SQLite.ExpirationManager Removing outdated records from the 'State' table...
2025-08-25 17:45:24.914 +02:00 [INF] Hangfire.Storage.SQLite.ExpirationManager Outdated records removed from the 'State' table...
2025-08-25 17:45:24.914 +02:00 [INF] Hangfire.Storage.SQLite.ExpirationManager Removing outdated records from the 'JobParameter' table...
2025-08-25 17:45:24.915 +02:00 [INF] Hangfire.Storage.SQLite.ExpirationManager Outdated records removed from the 'JobParameter' table...
2025-08-25 18:13:56.469 +02:00 [INF] Hangfire.Server.BackgroundServerProcess Server mbp-von-erlend:5547:c1b61ec3 caught stopping signal...
2025-08-25 18:13:56.508 +02:00 [INF] Hangfire.Server.BackgroundServerProcess Server mbp-von-erlend:5547:c1b61ec3 All dispatchers stopped
2025-08-25 18:13:56.530 +02:00 [INF] Hangfire.Server.BackgroundServerProcess Server mbp-von-erlend:5547:c1b61ec3 successfully reported itself as stopped in 3,0074 ms
2025-08-25 18:13:56.531 +02:00 [INF] Hangfire.Server.BackgroundServerProcess Server mbp-von-erlend:5547:c1b61ec3 has been stopped in total 52,389 ms
2025-08-25 18:42:14.965 +02:00 [INF] Hangfire.BackgroundJobServer Starting Hangfire Server using job storage: 'Database path: hangfire_taskqueue,  prefix: hangfire'
2025-08-25 18:42:15.247 +02:00 [INF] Hangfire.BackgroundJobServer Using the following options for Hangfire Server:
    Worker count: 20
    Listening queues: 'default'
    Shutdown timeout: 00:00:15
    Schedule polling interval: 00:00:15
2025-08-25 18:42:16.080 +02:00 [INF] Hangfire.Server.BackgroundServerProcess Server mbp-von-erlend:8584:f48ff4ee successfully announced in 762,3706 ms
2025-08-25 18:42:16.088 +02:00 [INF] Hangfire.Server.BackgroundServerProcess Server mbp-von-erlend:8584:f48ff4ee is starting the registered dispatchers: ServerWatchdog, ServerJobCancellationWatcher, ExpirationManager, CountersAggregator, Worker, DelayedJobScheduler, RecurringJobScheduler...
2025-08-25 18:42:16.098 +02:00 [INF] Hangfire.Storage.SQLite.ExpirationManager Removing outdated records from the 'AggregatedCounter' table...
2025-08-25 18:42:16.140 +02:00 [INF] Hangfire.Storage.SQLite.ExpirationManager Outdated records removed from the 'AggregatedCounter' table...
2025-08-25 18:42:16.141 +02:00 [INF] Hangfire.Storage.SQLite.ExpirationManager Removing outdated records from the 'Counter' table...
2025-08-25 18:42:16.148 +02:00 [INF] Hangfire.Storage.SQLite.ExpirationManager Outdated records removed from the 'Counter' table...
2025-08-25 18:42:16.148 +02:00 [INF] Hangfire.Storage.SQLite.ExpirationManager Removing outdated records from the 'Job' table...
2025-08-25 18:42:16.150 +02:00 [INF] Hangfire.Storage.SQLite.ExpirationManager Outdated records removed from the 'Job' table...
2025-08-25 18:42:16.150 +02:00 [INF] Hangfire.Storage.SQLite.ExpirationManager Removing outdated records from the 'List' table...
2025-08-25 18:42:16.154 +02:00 [INF] Hangfire.Storage.SQLite.ExpirationManager Outdated records removed from the 'List' table...
2025-08-25 18:42:16.154 +02:00 [INF] Hangfire.Storage.SQLite.ExpirationManager Removing outdated records from the 'Set' table...
2025-08-25 18:42:16.156 +02:00 [INF] Hangfire.Storage.SQLite.ExpirationManager Outdated records removed from the 'Set' table...
2025-08-25 18:42:16.156 +02:00 [INF] Hangfire.Storage.SQLite.ExpirationManager Removing outdated records from the 'Hash' table...
2025-08-25 18:42:16.158 +02:00 [INF] Hangfire.Storage.SQLite.ExpirationManager Outdated records removed from the 'Hash' table...
2025-08-25 18:42:16.158 +02:00 [INF] Hangfire.Storage.SQLite.ExpirationManager Removing outdated records from the 'State' table...
2025-08-25 18:42:16.161 +02:00 [INF] Hangfire.Storage.SQLite.ExpirationManager Outdated records removed from the 'State' table...
2025-08-25 18:42:16.161 +02:00 [INF] Hangfire.Storage.SQLite.ExpirationManager Removing outdated records from the 'JobParameter' table...
2025-08-25 18:42:16.164 +02:00 [INF] Hangfire.Storage.SQLite.ExpirationManager Outdated records removed from the 'JobParameter' table...
2025-08-25 18:42:16.165 +02:00 [INF] Hangfire.Server.BackgroundServerProcess Server mbp-von-erlend:8584:f48ff4ee all the dispatchers started
2025-08-25 18:42:23.572 +02:00 [WRN] Microsoft.AspNetCore.HttpsPolicy.HttpsRedirectionMiddleware Failed to determine the https port for redirect.
2025-08-25 18:42:27.391 +02:00 [WRN] Microsoft.EntityFrameworkCore.Model.Validation No store type was specified for the decimal property '"Calories"' on entity type '"FoodItem"'. This will cause values to be silently truncated if they do not fit in the default precision and scale. Explicitly specify the SQL server column type that can accommodate all the values in 'OnModelCreating' using 'HasColumnType', specify precision and scale using 'HasPrecision', or configure a value converter using 'HasConversion'.
2025-08-25 18:42:27.394 +02:00 [WRN] Microsoft.EntityFrameworkCore.Model.Validation No store type was specified for the decimal property '"GramsPerUnit"' on entity type '"FoodHasUnit"'. This will cause values to be silently truncated if they do not fit in the default precision and scale. Explicitly specify the SQL server column type that can accommodate all the values in 'OnModelCreating' using 'HasColumnType', specify precision and scale using 'HasPrecision', or configure a value converter using 'HasConversion'.
2025-08-25 18:42:27.394 +02:00 [WRN] Microsoft.EntityFrameworkCore.Model.Validation No store type was specified for the decimal property '"AmountDeciliters"' on entity type '"FoodUnit"'. This will cause values to be silently truncated if they do not fit in the default precision and scale. Explicitly specify the SQL server column type that can accommodate all the values in 'OnModelCreating' using 'HasColumnType', specify precision and scale using 'HasPrecision', or configure a value converter using 'HasConversion'.
2025-08-25 18:42:28.833 +02:00 [WRN] Microsoft.EntityFrameworkCore.Query Compiling a query which loads related collections for more than one collection navigation, either via 'Include' or through projection, but no 'QuerySplittingBehavior' has been configured. By default, Entity Framework will use 'QuerySplittingBehavior.SingleQuery', which can potentially result in slow query performance. See https://go.microsoft.com/fwlink/?linkid=2134277 for more information. To identify the query that's triggering this warning call 'ConfigureWarnings(w => w.Throw(RelationalEventId.MultipleCollectionIncludeWarning))'.
2025-08-25 18:50:47.637 +02:00 [INF] Hangfire.Server.BackgroundServerProcess Server mbp-von-erlend:8584:f48ff4ee caught stopping signal...
2025-08-25 18:50:47.738 +02:00 [INF] Hangfire.Server.BackgroundServerProcess Server mbp-von-erlend:8584:f48ff4ee All dispatchers stopped
2025-08-25 18:50:47.744 +02:00 [INF] Hangfire.Server.BackgroundServerProcess Server mbp-von-erlend:8584:f48ff4ee successfully reported itself as stopped in 1,1662 ms
2025-08-25 18:50:47.744 +02:00 [INF] Hangfire.Server.BackgroundServerProcess Server mbp-von-erlend:8584:f48ff4ee has been stopped in total 88,507 ms
2025-08-25 19:03:38.370 +02:00 [INF] Hangfire.BackgroundJobServer Starting Hangfire Server using job storage: 'Database path: hangfire_taskqueue,  prefix: hangfire'
2025-08-25 19:03:38.476 +02:00 [INF] Hangfire.BackgroundJobServer Using the following options for Hangfire Server:
    Worker count: 20
    Listening queues: 'default'
    Shutdown timeout: 00:00:15
    Schedule polling interval: 00:00:15
2025-08-25 19:03:38.631 +02:00 [INF] Hangfire.Server.BackgroundServerProcess Server mbp-von-erlend:9047:f56a78b7 successfully announced in 122,0281 ms
2025-08-25 19:03:38.635 +02:00 [INF] Hangfire.Server.BackgroundServerProcess Server mbp-von-erlend:9047:f56a78b7 is starting the registered dispatchers: ServerWatchdog, ServerJobCancellationWatcher, ExpirationManager, CountersAggregator, Worker, DelayedJobScheduler, RecurringJobScheduler...
2025-08-25 19:03:38.642 +02:00 [INF] Hangfire.Storage.SQLite.ExpirationManager Removing outdated records from the 'AggregatedCounter' table...
2025-08-25 19:03:38.659 +02:00 [INF] Hangfire.Server.BackgroundServerProcess Server mbp-von-erlend:9047:f56a78b7 all the dispatchers started
2025-08-25 19:03:38.664 +02:00 [INF] Hangfire.Storage.SQLite.ExpirationManager Outdated records removed from the 'AggregatedCounter' table...
2025-08-25 19:03:38.664 +02:00 [INF] Hangfire.Storage.SQLite.ExpirationManager Removing outdated records from the 'Counter' table...
2025-08-25 19:03:38.667 +02:00 [INF] Hangfire.Storage.SQLite.ExpirationManager Outdated records removed from the 'Counter' table...
2025-08-25 19:03:38.667 +02:00 [INF] Hangfire.Storage.SQLite.ExpirationManager Removing outdated records from the 'Job' table...
2025-08-25 19:03:38.669 +02:00 [INF] Hangfire.Storage.SQLite.ExpirationManager Outdated records removed from the 'Job' table...
2025-08-25 19:03:38.669 +02:00 [INF] Hangfire.Storage.SQLite.ExpirationManager Removing outdated records from the 'List' table...
2025-08-25 19:03:38.670 +02:00 [INF] Hangfire.Storage.SQLite.ExpirationManager Outdated records removed from the 'List' table...
2025-08-25 19:03:38.670 +02:00 [INF] Hangfire.Storage.SQLite.ExpirationManager Removing outdated records from the 'Set' table...
2025-08-25 19:03:38.672 +02:00 [INF] Hangfire.Storage.SQLite.ExpirationManager Outdated records removed from the 'Set' table...
2025-08-25 19:03:38.672 +02:00 [INF] Hangfire.Storage.SQLite.ExpirationManager Removing outdated records from the 'Hash' table...
2025-08-25 19:03:38.674 +02:00 [INF] Hangfire.Storage.SQLite.ExpirationManager Outdated records removed from the 'Hash' table...
2025-08-25 19:03:38.674 +02:00 [INF] Hangfire.Storage.SQLite.ExpirationManager Removing outdated records from the 'State' table...
2025-08-25 19:03:38.675 +02:00 [INF] Hangfire.Storage.SQLite.ExpirationManager Outdated records removed from the 'State' table...
2025-08-25 19:03:38.676 +02:00 [INF] Hangfire.Storage.SQLite.ExpirationManager Removing outdated records from the 'JobParameter' table...
2025-08-25 19:03:38.678 +02:00 [INF] Hangfire.Storage.SQLite.ExpirationManager Outdated records removed from the 'JobParameter' table...
2025-08-25 19:03:41.004 +02:00 [WRN] Microsoft.AspNetCore.HttpsPolicy.HttpsRedirectionMiddleware Failed to determine the https port for redirect.
2025-08-25 19:03:44.591 +02:00 [WRN] Microsoft.EntityFrameworkCore.Model.Validation No store type was specified for the decimal property '"Calories"' on entity type '"FoodItem"'. This will cause values to be silently truncated if they do not fit in the default precision and scale. Explicitly specify the SQL server column type that can accommodate all the values in 'OnModelCreating' using 'HasColumnType', specify precision and scale using 'HasPrecision', or configure a value converter using 'HasConversion'.
2025-08-25 19:03:44.593 +02:00 [WRN] Microsoft.EntityFrameworkCore.Model.Validation No store type was specified for the decimal property '"GramsPerUnit"' on entity type '"FoodHasUnit"'. This will cause values to be silently truncated if they do not fit in the default precision and scale. Explicitly specify the SQL server column type that can accommodate all the values in 'OnModelCreating' using 'HasColumnType', specify precision and scale using 'HasPrecision', or configure a value converter using 'HasConversion'.
2025-08-25 19:03:44.594 +02:00 [WRN] Microsoft.EntityFrameworkCore.Model.Validation No store type was specified for the decimal property '"AmountDeciliters"' on entity type '"FoodUnit"'. This will cause values to be silently truncated if they do not fit in the default precision and scale. Explicitly specify the SQL server column type that can accommodate all the values in 'OnModelCreating' using 'HasColumnType', specify precision and scale using 'HasPrecision', or configure a value converter using 'HasConversion'.
2025-08-25 19:03:45.753 +02:00 [WRN] Microsoft.EntityFrameworkCore.Query Compiling a query which loads related collections for more than one collection navigation, either via 'Include' or through projection, but no 'QuerySplittingBehavior' has been configured. By default, Entity Framework will use 'QuerySplittingBehavior.SingleQuery', which can potentially result in slow query performance. See https://go.microsoft.com/fwlink/?linkid=2134277 for more information. To identify the query that's triggering this warning call 'ConfigureWarnings(w => w.Throw(RelationalEventId.MultipleCollectionIncludeWarning))'.
2025-08-25 19:03:46.185 +02:00 [ERR] Microsoft.EntityFrameworkCore.Database.Connection An error occurred using the connection to database '""' on server '""'.
2025-08-25 19:03:46.266 +02:00 [ERR] Microsoft.EntityFrameworkCore.Query An exception occurred while iterating over the results of a query for context type '"MvcMovie.Data.CalCalcContext"'."
""System.InvalidOperationException: The ConnectionString property has not been initialized.
   at Microsoft.Data.SqlClient.SqlConnection.PermissionDemand()
   at Microsoft.Data.SqlClient.SqlConnectionFactory.PermissionDemand(DbConnection outerConnection)
   at Microsoft.Data.ProviderBase.DbConnectionInternal.TryOpenConnectionInternal(DbConnection outerConnection, DbConnectionFactory connectionFactory, TaskCompletionSource`1 retry, DbConnectionOptions userOptions)
   at Microsoft.Data.ProviderBase.DbConnectionClosed.TryOpenConnection(DbConnection outerConnection, DbConnectionFactory connectionFactory, TaskCompletionSource`1 retry, DbConnectionOptions userOptions)
   at Microsoft.Data.SqlClient.SqlConnection.TryOpen(TaskCompletionSource`1 retry, SqlConnectionOverrides overrides)
   at Microsoft.Data.SqlClient.SqlConnection.InternalOpenAsync(CancellationToken cancellationToken)
--- End of stack trace from previous location ---
   at Microsoft.EntityFrameworkCore.Storage.RelationalConnection.OpenInternalAsync(Boolean errorsExpected, CancellationToken cancellationToken)
   at Microsoft.EntityFrameworkCore.Storage.RelationalConnection.OpenInternalAsync(Boolean errorsExpected, CancellationToken cancellationToken)
   at Microsoft.EntityFrameworkCore.Storage.RelationalConnection.OpenAsync(CancellationToken cancellationToken, Boolean errorsExpected)
   at Microsoft.EntityFrameworkCore.Storage.RelationalCommand.ExecuteReaderAsync(RelationalCommandParameterObject parameterObject, CancellationToken cancellationToken)
   at Microsoft.EntityFrameworkCore.Query.Internal.SingleQueryingEnumerable`1.AsyncEnumerator.InitializeReaderAsync(AsyncEnumerator enumerator, CancellationToken cancellationToken)
   at Microsoft.EntityFrameworkCore.SqlServer.Storage.Internal.SqlServerExecutionStrategy.ExecuteAsync[TState,TResult](TState state, Func`4 operation, Func`4 verifySucceeded, CancellationToken cancellationToken)
   at Microsoft.EntityFrameworkCore.Query.Internal.SingleQueryingEnumerable`1.AsyncEnumerator.MoveNextAsync()"
System.InvalidOperationException: The ConnectionString property has not been initialized.
   at Microsoft.Data.SqlClient.SqlConnection.PermissionDemand()
   at Microsoft.Data.SqlClient.SqlConnectionFactory.PermissionDemand(DbConnection outerConnection)
   at Microsoft.Data.ProviderBase.DbConnectionInternal.TryOpenConnectionInternal(DbConnection outerConnection, DbConnectionFactory connectionFactory, TaskCompletionSource`1 retry, DbConnectionOptions userOptions)
   at Microsoft.Data.ProviderBase.DbConnectionClosed.TryOpenConnection(DbConnection outerConnection, DbConnectionFactory connectionFactory, TaskCompletionSource`1 retry, DbConnectionOptions userOptions)
   at Microsoft.Data.SqlClient.SqlConnection.TryOpen(TaskCompletionSource`1 retry, SqlConnectionOverrides overrides)
   at Microsoft.Data.SqlClient.SqlConnection.InternalOpenAsync(CancellationToken cancellationToken)
--- End of stack trace from previous location ---
   at Microsoft.EntityFrameworkCore.Storage.RelationalConnection.OpenInternalAsync(Boolean errorsExpected, CancellationToken cancellationToken)
   at Microsoft.EntityFrameworkCore.Storage.RelationalConnection.OpenInternalAsync(Boolean errorsExpected, CancellationToken cancellationToken)
   at Microsoft.EntityFrameworkCore.Storage.RelationalConnection.OpenAsync(CancellationToken cancellationToken, Boolean errorsExpected)
   at Microsoft.EntityFrameworkCore.Storage.RelationalCommand.ExecuteReaderAsync(RelationalCommandParameterObject parameterObject, CancellationToken cancellationToken)
   at Microsoft.EntityFrameworkCore.Query.Internal.SingleQueryingEnumerable`1.AsyncEnumerator.InitializeReaderAsync(AsyncEnumerator enumerator, CancellationToken cancellationToken)
   at Microsoft.EntityFrameworkCore.SqlServer.Storage.Internal.SqlServerExecutionStrategy.ExecuteAsync[TState,TResult](TState state, Func`4 operation, Func`4 verifySucceeded, CancellationToken cancellationToken)
   at Microsoft.EntityFrameworkCore.Query.Internal.SingleQueryingEnumerable`1.AsyncEnumerator.MoveNextAsync()
2025-08-25 19:03:46.282 +02:00 [ERR] Microsoft.AspNetCore.Diagnostics.DeveloperExceptionPageMiddleware An unhandled exception has occurred while executing the request.
System.InvalidOperationException: The ConnectionString property has not been initialized.
   at Microsoft.Data.SqlClient.SqlConnection.PermissionDemand()
   at Microsoft.Data.SqlClient.SqlConnectionFactory.PermissionDemand(DbConnection outerConnection)
   at Microsoft.Data.ProviderBase.DbConnectionInternal.TryOpenConnectionInternal(DbConnection outerConnection, DbConnectionFactory connectionFactory, TaskCompletionSource`1 retry, DbConnectionOptions userOptions)
   at Microsoft.Data.ProviderBase.DbConnectionClosed.TryOpenConnection(DbConnection outerConnection, DbConnectionFactory connectionFactory, TaskCompletionSource`1 retry, DbConnectionOptions userOptions)
   at Microsoft.Data.SqlClient.SqlConnection.TryOpen(TaskCompletionSource`1 retry, SqlConnectionOverrides overrides)
   at Microsoft.Data.SqlClient.SqlConnection.InternalOpenAsync(CancellationToken cancellationToken)
--- End of stack trace from previous location ---
   at Microsoft.EntityFrameworkCore.Storage.RelationalConnection.OpenInternalAsync(Boolean errorsExpected, CancellationToken cancellationToken)
   at Microsoft.EntityFrameworkCore.Storage.RelationalConnection.OpenInternalAsync(Boolean errorsExpected, CancellationToken cancellationToken)
   at Microsoft.EntityFrameworkCore.Storage.RelationalConnection.OpenAsync(CancellationToken cancellationToken, Boolean errorsExpected)
   at Microsoft.EntityFrameworkCore.Storage.RelationalCommand.ExecuteReaderAsync(RelationalCommandParameterObject parameterObject, CancellationToken cancellationToken)
   at Microsoft.EntityFrameworkCore.Query.Internal.SingleQueryingEnumerable`1.AsyncEnumerator.InitializeReaderAsync(AsyncEnumerator enumerator, CancellationToken cancellationToken)
   at Microsoft.EntityFrameworkCore.SqlServer.Storage.Internal.SqlServerExecutionStrategy.ExecuteAsync[TState,TResult](TState state, Func`4 operation, Func`4 verifySucceeded, CancellationToken cancellationToken)
   at Microsoft.EntityFrameworkCore.Query.Internal.SingleQueryingEnumerable`1.AsyncEnumerator.MoveNextAsync()
   at Microsoft.EntityFrameworkCore.EntityFrameworkQueryableExtensions.ToListAsync[TSource](IQueryable`1 source, CancellationToken cancellationToken)
   at Microsoft.EntityFrameworkCore.EntityFrameworkQueryableExtensions.ToListAsync[TSource](IQueryable`1 source, CancellationToken cancellationToken)
   at calcalc.Controllers.FoodItemController.Index(String nameFilterString, String paginationStartAtName, String paginationPrevStartAt, String notification) in /Users/erlend/Documents/calcalc/calcalc/Controllers/FoodItemController.cs:line 48
   at Microsoft.AspNetCore.Mvc.Infrastructure.ActionMethodExecutor.TaskOfIActionResultExecutor.Execute(ActionContext actionContext, IActionResultTypeMapper mapper, ObjectMethodExecutor executor, Object controller, Object[] arguments)
   at Microsoft.AspNetCore.Mvc.Infrastructure.ControllerActionInvoker.<InvokeActionMethodAsync>g__Logged|12_1(ControllerActionInvoker invoker)
   at Microsoft.AspNetCore.Mvc.Infrastructure.ControllerActionInvoker.<InvokeNextActionFilterAsync>g__Awaited|10_0(ControllerActionInvoker invoker, Task lastTask, State next, Scope scope, Object state, Boolean isCompleted)
   at Microsoft.AspNetCore.Mvc.Infrastructure.ControllerActionInvoker.Rethrow(ActionExecutedContextSealed context)
   at Microsoft.AspNetCore.Mvc.Infrastructure.ControllerActionInvoker.Next(State& next, Scope& scope, Object& state, Boolean& isCompleted)
   at Microsoft.AspNetCore.Mvc.Infrastructure.ControllerActionInvoker.InvokeInnerFilterAsync()
--- End of stack trace from previous location ---
   at Microsoft.AspNetCore.Mvc.Infrastructure.ResourceInvoker.<InvokeNextResourceFilter>g__Awaited|25_0(ResourceInvoker invoker, Task lastTask, State next, Scope scope, Object state, Boolean isCompleted)
   at Microsoft.AspNetCore.Mvc.Infrastructure.ResourceInvoker.Rethrow(ResourceExecutedContextSealed context)
   at Microsoft.AspNetCore.Mvc.Infrastructure.ResourceInvoker.Next(State& next, Scope& scope, Object& state, Boolean& isCompleted)
   at Microsoft.AspNetCore.Mvc.Infrastructure.ResourceInvoker.InvokeFilterPipelineAsync()
--- End of stack trace from previous location ---
   at Microsoft.AspNetCore.Mvc.Infrastructure.ResourceInvoker.<InvokeAsync>g__Logged|17_1(ResourceInvoker invoker)
   at Microsoft.AspNetCore.Mvc.Infrastructure.ResourceInvoker.<InvokeAsync>g__Logged|17_1(ResourceInvoker invoker)
   at Microsoft.AspNetCore.Localization.RequestLocalizationMiddleware.Invoke(HttpContext context)
   at Microsoft.AspNetCore.Authorization.AuthorizationMiddleware.Invoke(HttpContext context)
   at Microsoft.AspNetCore.Authentication.AuthenticationMiddleware.Invoke(HttpContext context)
   at Microsoft.AspNetCore.Diagnostics.DeveloperExceptionPageMiddlewareImpl.Invoke(HttpContext context)
2025-08-25 19:05:40.632 +02:00 [INF] Hangfire.Server.BackgroundServerProcess Server mbp-von-erlend:9047:f56a78b7 caught stopping signal...
2025-08-25 19:05:40.663 +02:00 [INF] Hangfire.Server.BackgroundServerProcess Server mbp-von-erlend:9047:f56a78b7 All dispatchers stopped
2025-08-25 19:05:40.668 +02:00 [INF] Hangfire.Server.BackgroundServerProcess Server mbp-von-erlend:9047:f56a78b7 successfully reported itself as stopped in 1,3655 ms
2025-08-25 19:05:40.668 +02:00 [INF] Hangfire.Server.BackgroundServerProcess Server mbp-von-erlend:9047:f56a78b7 has been stopped in total 28,3462 ms
2025-08-25 19:05:58.932 +02:00 [INF] Hangfire.BackgroundJobServer Starting Hangfire Server using job storage: 'Database path: hangfire_taskqueue,  prefix: hangfire'
2025-08-25 19:05:59.179 +02:00 [INF] Hangfire.BackgroundJobServer Using the following options for Hangfire Server:
    Worker count: 20
    Listening queues: 'default'
    Shutdown timeout: 00:00:15
    Schedule polling interval: 00:00:15
2025-08-25 19:05:59.433 +02:00 [INF] Hangfire.Server.BackgroundServerProcess Server mbp-von-erlend:9176:ed0ffea3 successfully announced in 180,6896 ms
2025-08-25 19:05:59.439 +02:00 [INF] Hangfire.Server.BackgroundServerProcess Server mbp-von-erlend:9176:ed0ffea3 is starting the registered dispatchers: ServerWatchdog, ServerJobCancellationWatcher, ExpirationManager, CountersAggregator, Worker, DelayedJobScheduler, RecurringJobScheduler...
2025-08-25 19:05:59.450 +02:00 [INF] Hangfire.Storage.SQLite.ExpirationManager Removing outdated records from the 'AggregatedCounter' table...
2025-08-25 19:05:59.471 +02:00 [INF] Hangfire.Storage.SQLite.ExpirationManager Outdated records removed from the 'AggregatedCounter' table...
2025-08-25 19:05:59.472 +02:00 [INF] Hangfire.Storage.SQLite.ExpirationManager Removing outdated records from the 'Counter' table...
2025-08-25 19:05:59.476 +02:00 [INF] Hangfire.Server.BackgroundServerProcess Server mbp-von-erlend:9176:ed0ffea3 all the dispatchers started
2025-08-25 19:05:59.477 +02:00 [INF] Hangfire.Storage.SQLite.ExpirationManager Outdated records removed from the 'Counter' table...
2025-08-25 19:05:59.477 +02:00 [INF] Hangfire.Storage.SQLite.ExpirationManager Removing outdated records from the 'Job' table...
2025-08-25 19:05:59.482 +02:00 [INF] Hangfire.Storage.SQLite.ExpirationManager Outdated records removed from the 'Job' table...
2025-08-25 19:05:59.482 +02:00 [INF] Hangfire.Storage.SQLite.ExpirationManager Removing outdated records from the 'List' table...
2025-08-25 19:05:59.485 +02:00 [INF] Hangfire.Storage.SQLite.ExpirationManager Outdated records removed from the 'List' table...
2025-08-25 19:05:59.485 +02:00 [INF] Hangfire.Storage.SQLite.ExpirationManager Removing outdated records from the 'Set' table...
2025-08-25 19:05:59.489 +02:00 [INF] Hangfire.Storage.SQLite.ExpirationManager Outdated records removed from the 'Set' table...
2025-08-25 19:05:59.490 +02:00 [INF] Hangfire.Storage.SQLite.ExpirationManager Removing outdated records from the 'Hash' table...
2025-08-25 19:05:59.492 +02:00 [INF] Hangfire.Storage.SQLite.ExpirationManager Outdated records removed from the 'Hash' table...
2025-08-25 19:05:59.492 +02:00 [INF] Hangfire.Storage.SQLite.ExpirationManager Removing outdated records from the 'State' table...
2025-08-25 19:05:59.494 +02:00 [INF] Hangfire.Storage.SQLite.ExpirationManager Outdated records removed from the 'State' table...
2025-08-25 19:05:59.494 +02:00 [INF] Hangfire.Storage.SQLite.ExpirationManager Removing outdated records from the 'JobParameter' table...
2025-08-25 19:05:59.496 +02:00 [INF] Hangfire.Storage.SQLite.ExpirationManager Outdated records removed from the 'JobParameter' table...
2025-08-25 19:06:00.013 +02:00 [WRN] Microsoft.AspNetCore.HttpsPolicy.HttpsRedirectionMiddleware Failed to determine the https port for redirect.
2025-08-25 19:06:02.333 +02:00 [WRN] Microsoft.EntityFrameworkCore.Model.Validation No store type was specified for the decimal property '"Calories"' on entity type '"FoodItem"'. This will cause values to be silently truncated if they do not fit in the default precision and scale. Explicitly specify the SQL server column type that can accommodate all the values in 'OnModelCreating' using 'HasColumnType', specify precision and scale using 'HasPrecision', or configure a value converter using 'HasConversion'.
2025-08-25 19:06:02.336 +02:00 [WRN] Microsoft.EntityFrameworkCore.Model.Validation No store type was specified for the decimal property '"GramsPerUnit"' on entity type '"FoodHasUnit"'. This will cause values to be silently truncated if they do not fit in the default precision and scale. Explicitly specify the SQL server column type that can accommodate all the values in 'OnModelCreating' using 'HasColumnType', specify precision and scale using 'HasPrecision', or configure a value converter using 'HasConversion'.
2025-08-25 19:06:02.336 +02:00 [WRN] Microsoft.EntityFrameworkCore.Model.Validation No store type was specified for the decimal property '"AmountDeciliters"' on entity type '"FoodUnit"'. This will cause values to be silently truncated if they do not fit in the default precision and scale. Explicitly specify the SQL server column type that can accommodate all the values in 'OnModelCreating' using 'HasColumnType', specify precision and scale using 'HasPrecision', or configure a value converter using 'HasConversion'.
2025-08-25 19:06:03.828 +02:00 [WRN] Microsoft.EntityFrameworkCore.Query Compiling a query which loads related collections for more than one collection navigation, either via 'Include' or through projection, but no 'QuerySplittingBehavior' has been configured. By default, Entity Framework will use 'QuerySplittingBehavior.SingleQuery', which can potentially result in slow query performance. See https://go.microsoft.com/fwlink/?linkid=2134277 for more information. To identify the query that's triggering this warning call 'ConfigureWarnings(w => w.Throw(RelationalEventId.MultipleCollectionIncludeWarning))'.
2025-08-25 19:09:50.013 +02:00 [INF] Hangfire.Server.BackgroundServerProcess Server mbp-von-erlend:9176:ed0ffea3 caught stopping signal...
2025-08-25 19:09:50.156 +02:00 [INF] Hangfire.Server.BackgroundServerProcess Server mbp-von-erlend:9176:ed0ffea3 All dispatchers stopped
2025-08-25 19:09:50.201 +02:00 [INF] Hangfire.Server.BackgroundServerProcess Server mbp-von-erlend:9176:ed0ffea3 successfully reported itself as stopped in 6,1216 ms
2025-08-25 19:09:50.201 +02:00 [INF] Hangfire.Server.BackgroundServerProcess Server mbp-von-erlend:9176:ed0ffea3 has been stopped in total 172,7301 ms
2025-08-25 19:40:24.837 +02:00 [INF] Hangfire.BackgroundJobServer Starting Hangfire Server using job storage: 'Database path: hangfire_taskqueue,  prefix: hangfire'
2025-08-25 19:40:24.971 +02:00 [INF] Hangfire.BackgroundJobServer Using the following options for Hangfire Server:
    Worker count: 20
    Listening queues: 'default'
    Shutdown timeout: 00:00:15
    Schedule polling interval: 00:00:15
2025-08-25 19:40:25.230 +02:00 [INF] Hangfire.Server.BackgroundServerProcess Server mbp-von-erlend:9816:3c453474 successfully announced in 204,5474 ms
2025-08-25 19:40:25.235 +02:00 [INF] Hangfire.Server.BackgroundServerProcess Server mbp-von-erlend:9816:3c453474 is starting the registered dispatchers: ServerWatchdog, ServerJobCancellationWatcher, ExpirationManager, CountersAggregator, Worker, DelayedJobScheduler, RecurringJobScheduler...
2025-08-25 19:40:25.241 +02:00 [INF] Hangfire.Storage.SQLite.ExpirationManager Removing outdated records from the 'AggregatedCounter' table...
2025-08-25 19:40:25.272 +02:00 [INF] Hangfire.Storage.SQLite.ExpirationManager Outdated records removed from the 'AggregatedCounter' table...
2025-08-25 19:40:25.273 +02:00 [INF] Hangfire.Storage.SQLite.ExpirationManager Removing outdated records from the 'Counter' table...
2025-08-25 19:40:25.277 +02:00 [INF] Hangfire.Storage.SQLite.ExpirationManager Outdated records removed from the 'Counter' table...
2025-08-25 19:40:25.277 +02:00 [INF] Hangfire.Storage.SQLite.ExpirationManager Removing outdated records from the 'Job' table...
2025-08-25 19:40:25.279 +02:00 [INF] Hangfire.Storage.SQLite.ExpirationManager Outdated records removed from the 'Job' table...
2025-08-25 19:40:25.279 +02:00 [INF] Hangfire.Storage.SQLite.ExpirationManager Removing outdated records from the 'List' table...
2025-08-25 19:40:25.281 +02:00 [INF] Hangfire.Storage.SQLite.ExpirationManager Outdated records removed from the 'List' table...
2025-08-25 19:40:25.281 +02:00 [INF] Hangfire.Storage.SQLite.ExpirationManager Removing outdated records from the 'Set' table...
2025-08-25 19:40:25.286 +02:00 [INF] Hangfire.Storage.SQLite.ExpirationManager Outdated records removed from the 'Set' table...
2025-08-25 19:40:25.286 +02:00 [INF] Hangfire.Storage.SQLite.ExpirationManager Removing outdated records from the 'Hash' table...
2025-08-25 19:40:25.288 +02:00 [INF] Hangfire.Storage.SQLite.ExpirationManager Outdated records removed from the 'Hash' table...
2025-08-25 19:40:25.288 +02:00 [INF] Hangfire.Storage.SQLite.ExpirationManager Removing outdated records from the 'State' table...
2025-08-25 19:40:25.290 +02:00 [INF] Hangfire.Storage.SQLite.ExpirationManager Outdated records removed from the 'State' table...
2025-08-25 19:40:25.290 +02:00 [INF] Hangfire.Storage.SQLite.ExpirationManager Removing outdated records from the 'JobParameter' table...
2025-08-25 19:40:25.292 +02:00 [INF] Hangfire.Storage.SQLite.ExpirationManager Outdated records removed from the 'JobParameter' table...
2025-08-25 19:40:25.295 +02:00 [INF] Hangfire.Server.BackgroundServerProcess Server mbp-von-erlend:9816:3c453474 all the dispatchers started
2025-08-25 19:40:30.263 +02:00 [WRN] Microsoft.AspNetCore.HttpsPolicy.HttpsRedirectionMiddleware Failed to determine the https port for redirect.
2025-08-25 19:40:35.651 +02:00 [WRN] Microsoft.EntityFrameworkCore.Model.Validation No store type was specified for the decimal property '"Calories"' on entity type '"FoodItem"'. This will cause values to be silently truncated if they do not fit in the default precision and scale. Explicitly specify the SQL server column type that can accommodate all the values in 'OnModelCreating' using 'HasColumnType', specify precision and scale using 'HasPrecision', or configure a value converter using 'HasConversion'.
2025-08-25 19:40:35.653 +02:00 [WRN] Microsoft.EntityFrameworkCore.Model.Validation No store type was specified for the decimal property '"GramsPerUnit"' on entity type '"FoodHasUnit"'. This will cause values to be silently truncated if they do not fit in the default precision and scale. Explicitly specify the SQL server column type that can accommodate all the values in 'OnModelCreating' using 'HasColumnType', specify precision and scale using 'HasPrecision', or configure a value converter using 'HasConversion'.
2025-08-25 19:40:35.654 +02:00 [WRN] Microsoft.EntityFrameworkCore.Model.Validation No store type was specified for the decimal property '"AmountDeciliters"' on entity type '"FoodUnit"'. This will cause values to be silently truncated if they do not fit in the default precision and scale. Explicitly specify the SQL server column type that can accommodate all the values in 'OnModelCreating' using 'HasColumnType', specify precision and scale using 'HasPrecision', or configure a value converter using 'HasConversion'.
2025-08-25 19:40:36.992 +02:00 [WRN] Microsoft.EntityFrameworkCore.Query Compiling a query which loads related collections for more than one collection navigation, either via 'Include' or through projection, but no 'QuerySplittingBehavior' has been configured. By default, Entity Framework will use 'QuerySplittingBehavior.SingleQuery', which can potentially result in slow query performance. See https://go.microsoft.com/fwlink/?linkid=2134277 for more information. To identify the query that's triggering this warning call 'ConfigureWarnings(w => w.Throw(RelationalEventId.MultipleCollectionIncludeWarning))'.
2025-08-25 19:40:45.398 +02:00 [INF] Hangfire.Server.BackgroundServerProcess Server mbp-von-erlend:9816:3c453474 caught stopping signal...
2025-08-25 19:40:45.410 +02:00 [INF] Hangfire.Server.BackgroundServerProcess Server mbp-von-erlend:9816:3c453474 All dispatchers stopped
2025-08-25 19:40:45.416 +02:00 [INF] Hangfire.Server.BackgroundServerProcess Server mbp-von-erlend:9816:3c453474 successfully reported itself as stopped in 2,1207 ms
2025-08-25 19:40:45.416 +02:00 [INF] Hangfire.Server.BackgroundServerProcess Server mbp-von-erlend:9816:3c453474 has been stopped in total 16,2752 ms
