2025-08-22 14:10:00.940 +02:00 [INF] Hangfire.Server.ServerWatchdog 1 servers were removed due to timeout
2025-08-22 14:10:00.983 +02:00 [INF] Hangfire.Storage.SQLite.ExpirationManager Removing outdated records from the 'AggregatedCounter' table...
2025-08-22 14:10:01.054 +02:00 [INF] Hangfire.Storage.SQLite.ExpirationManager Outdated records removed from the 'AggregatedCounter' table...
2025-08-22 14:10:01.054 +02:00 [INF] Hangfire.Storage.SQLite.ExpirationManager Removing outdated records from the 'Counter' table...
2025-08-22 14:10:01.060 +02:00 [INF] Hangfire.Storage.SQLite.ExpirationManager Outdated records removed from the 'Counter' table...
2025-08-22 14:10:01.060 +02:00 [INF] Hangfire.Storage.SQLite.ExpirationManager Removing outdated records from the 'Job' table...
2025-08-22 14:10:01.062 +02:00 [INF] Hangfire.Storage.SQLite.ExpirationManager Outdated records removed from the 'Job' table...
2025-08-22 14:10:01.063 +02:00 [INF] Hangfire.Storage.SQLite.ExpirationManager Removing outdated records from the 'List' table...
2025-08-22 14:10:01.067 +02:00 [INF] Hangfire.Storage.SQLite.ExpirationManager Outdated records removed from the 'List' table...
2025-08-22 14:10:01.067 +02:00 [INF] Hangfire.Storage.SQLite.ExpirationManager Removing outdated records from the 'Set' table...
2025-08-22 14:10:01.070 +02:00 [INF] Hangfire.Storage.SQLite.ExpirationManager Outdated records removed from the 'Set' table...
2025-08-22 14:10:01.070 +02:00 [INF] Hangfire.Storage.SQLite.ExpirationManager Removing outdated records from the 'Hash' table...
2025-08-22 14:10:01.074 +02:00 [INF] Hangfire.Storage.SQLite.ExpirationManager Outdated records removed from the 'Hash' table...
2025-08-22 14:10:01.074 +02:00 [INF] Hangfire.Storage.SQLite.ExpirationManager Removing outdated records from the 'State' table...
2025-08-22 14:10:01.076 +02:00 [INF] Hangfire.Storage.SQLite.ExpirationManager Outdated records removed from the 'State' table...
2025-08-22 14:10:01.076 +02:00 [INF] Hangfire.Storage.SQLite.ExpirationManager Removing outdated records from the 'JobParameter' table...
2025-08-22 14:10:02.039 +02:00 [INF] Hangfire.Storage.SQLite.ExpirationManager Outdated records removed from the 'JobParameter' table...
2025-08-22 14:10:08.693 +02:00 [WRN] Hangfire.Server.ServerHeartbeatProcess Server mbp-von-erlend:2399:be3f690b was considered dead by other servers, restarting...
2025-08-22 14:10:08.705 +02:00 [INF] Hangfire.Server.BackgroundServerProcess Server mbp-von-erlend:2399:be3f690b caught restart signal...
2025-08-22 14:10:08.749 +02:00 [WRN] Hangfire.Server.BackgroundServerProcess Server mbp-von-erlend:2399:be3f690b stopped non-gracefully due to ServerWatchdog, ServerJobCancellationWatcher, ExpirationManager, CountersAggregator, Worker, DelayedJobScheduler, RecurringJobScheduler. Outstanding work on those dispatchers could be aborted, and there can be delays in background processing. This server instance will be incorrectly shown as active for a while. To avoid non-graceful shutdowns, investigate what prevents from stopping gracefully and add CancellationToken support for those methods.
2025-08-22 14:10:08.765 +02:00 [INF] Hangfire.Server.BackgroundServerProcess Server mbp-von-erlend:2399:be3f690b successfully reported itself as stopped in 4,5638 ms
2025-08-22 14:10:08.765 +02:00 [INF] Hangfire.Server.BackgroundServerProcess Server mbp-von-erlend:2399:be3f690b has been stopped in total 51,9112 ms
2025-08-22 14:10:08.783 +02:00 [INF] Hangfire.Server.BackgroundServerProcess Server mbp-von-erlend:2399:f24e1076 successfully announced in 11,9221 ms
2025-08-22 14:10:08.802 +02:00 [INF] Hangfire.Server.BackgroundServerProcess Server mbp-von-erlend:2399:f24e1076 is starting the registered dispatchers: ServerWatchdog, ServerJobCancellationWatcher, ExpirationManager, CountersAggregator, Worker, DelayedJobScheduler, RecurringJobScheduler...
2025-08-22 14:10:08.807 +02:00 [INF] Hangfire.Storage.SQLite.ExpirationManager Removing outdated records from the 'AggregatedCounter' table...
2025-08-22 14:10:08.813 +02:00 [INF] Hangfire.Storage.SQLite.ExpirationManager Outdated records removed from the 'AggregatedCounter' table...
2025-08-22 14:10:08.813 +02:00 [INF] Hangfire.Storage.SQLite.ExpirationManager Removing outdated records from the 'Counter' table...
2025-08-22 14:10:08.818 +02:00 [INF] Hangfire.Storage.SQLite.ExpirationManager Outdated records removed from the 'Counter' table...
2025-08-22 14:10:08.818 +02:00 [INF] Hangfire.Storage.SQLite.ExpirationManager Removing outdated records from the 'Job' table...
2025-08-22 14:10:08.821 +02:00 [INF] Hangfire.Server.BackgroundServerProcess Server mbp-von-erlend:2399:f24e1076 all the dispatchers started
2025-08-22 14:10:08.836 +02:00 [INF] Hangfire.Storage.SQLite.ExpirationManager Outdated records removed from the 'Job' table...
2025-08-22 14:10:08.836 +02:00 [INF] Hangfire.Storage.SQLite.ExpirationManager Removing outdated records from the 'List' table...
2025-08-22 14:10:09.270 +02:00 [INF] Hangfire.Storage.SQLite.ExpirationManager Outdated records removed from the 'List' table...
2025-08-22 14:10:09.270 +02:00 [INF] Hangfire.Storage.SQLite.ExpirationManager Removing outdated records from the 'Set' table...
2025-08-22 14:10:09.275 +02:00 [INF] Hangfire.Storage.SQLite.ExpirationManager Outdated records removed from the 'Set' table...
2025-08-22 14:10:09.276 +02:00 [INF] Hangfire.Storage.SQLite.ExpirationManager Removing outdated records from the 'Hash' table...
2025-08-22 14:10:09.282 +02:00 [INF] Hangfire.Storage.SQLite.ExpirationManager Outdated records removed from the 'Hash' table...
2025-08-22 14:10:09.283 +02:00 [INF] Hangfire.Storage.SQLite.ExpirationManager Removing outdated records from the 'State' table...
2025-08-22 14:10:09.289 +02:00 [INF] Hangfire.Storage.SQLite.ExpirationManager Outdated records removed from the 'State' table...
2025-08-22 14:10:09.289 +02:00 [INF] Hangfire.Storage.SQLite.ExpirationManager Removing outdated records from the 'JobParameter' table...
2025-08-22 14:10:09.294 +02:00 [INF] Hangfire.Storage.SQLite.ExpirationManager Outdated records removed from the 'JobParameter' table...
2025-08-22 15:29:16.283 +02:00 [INF] Hangfire.Server.BackgroundServerProcess Server mbp-von-erlend:2399:f24e1076 caught stopping signal...
2025-08-22 15:29:16.319 +02:00 [INF] Hangfire.Server.BackgroundServerProcess Server mbp-von-erlend:2399:f24e1076 All dispatchers stopped
2025-08-22 15:29:16.322 +02:00 [INF] Hangfire.Server.BackgroundServerProcess Server mbp-von-erlend:2399:f24e1076 successfully reported itself as stopped in 0,6128 ms
2025-08-22 15:29:16.322 +02:00 [INF] Hangfire.Server.BackgroundServerProcess Server mbp-von-erlend:2399:f24e1076 has been stopped in total 37,6438 ms
